Watching for file changes with StatReloader
Not Found: /
Watching for file changes with StatReloader
Not Found: /api/core/health/
Not Found: /api/core/health/
Not Found: /
Method Not Allowed: /api/auth/login/
Method Not Allowed: /api/auth/register/
Forbidden: /api/auth/users/
Not Found: /api/menu/public/
Not Found: /menu/public/1/
Bad Request: /api/auth/register/
Forbidden: /api/auth/profile/
Forbidden: /api/auth/profile/
Forbidden: /api/auth/profile/
Forbidden: /api/auth/profile/
Forbidden: /api/auth/profile/
Forbidden: /api/tables/tables/
Forbidden: /api/tables/
Not Found: /tables/tables/
C:\Users\USER\DAGIIIz\eco\res\res3\ROS\tables\views.py changed, reloading.
Watching for file changes with StatReloader
C:\Users\USER\DAGIIIz\eco\res\res3\ROS\tables\urls.py changed, reloading.
Watching for file changes with StatReloader
Watching for file changes with StatReloader
Internal Server Error: /api/tables/qr-menu/1/1/
Traceback (most recent call last):
  File "C:\Users\USER\.virtualenvs\DAGIIIz-mM3Hxqbw\lib\site-packages\django\core\handlers\exception.py", line 55, in inner
    response = get_response(request)
  File "C:\Users\USER\.virtualenvs\DAGIIIz-mM3Hxqbw\lib\site-packages\django\core\handlers\base.py", line 197, in _get_response
    response = wrapped_callback(request, *callback_args, **callback_kwargs)
  File "C:\Users\USER\DAGIIIz\eco\res\res3\ROS\tables\views.py", line 55, in qr_menu_view
    return render(request, 'qr_menu/index.html', context)
  File "C:\Users\USER\.virtualenvs\DAGIIIz-mM3Hxqbw\lib\site-packages\django\shortcuts.py", line 25, in render
    content = loader.render_to_string(template_name, context, request, using=using)
  File "C:\Users\USER\.virtualenvs\DAGIIIz-mM3Hxqbw\lib\site-packages\django\template\loader.py", line 61, in render_to_string
    template = get_template(template_name, using=using)
  File "C:\Users\USER\.virtualenvs\DAGIIIz-mM3Hxqbw\lib\site-packages\django\template\loader.py", line 19, in get_template
    raise TemplateDoesNotExist(template_name, chain=chain)
django.template.exceptions.TemplateDoesNotExist: qr_menu/index.html
Not Found: /accounts/login/
Not Found: /accounts/login/
Not Found: /accounts/login/
Not Found: /accounts/login/
Not Found: /accounts/login/
Not Found: /accounts/login/
Forbidden: /api/tables/tables/
Forbidden: /api/tables/orders/
Forbidden: /api/menu/restaurant-menu/
Forbidden: /api/restaurants/my-restaurant/
C:\Users\USER\DAGIIIz\eco\res\res3\ROS\ROS\settings.py changed, reloading.
Watching for file changes with StatReloader
Not Found: /accounts/login/
Not Found: /accounts/login/
Not Found: /accounts/login/
Not Found: /accounts/login/
Not Found: /accounts/login/
Not Found: /accounts/login/
Forbidden: /api/tables/tables/
Forbidden: /api/tables/orders/
Forbidden: /api/menu/restaurant-menu/
Forbidden: /api/restaurants/my-restaurant/
C:\Users\USER\DAGIIIz\eco\res\res3\ROS\ROS\urls.py changed, reloading.
Watching for file changes with StatReloader
C:\Users\USER\DAGIIIz\eco\res\res3\ROS\ROS\urls.py changed, reloading.
Watching for file changes with StatReloader
C:\Users\USER\DAGIIIz\eco\res\res3\ROS\ROS\urls.py changed, reloading.
Watching for file changes with StatReloader
C:\Users\USER\DAGIIIz\eco\res\res3\ROS\core\views.py changed, reloading.
Watching for file changes with StatReloader
C:\Users\USER\DAGIIIz\eco\res\res3\ROS\core\views.py changed, reloading.
Watching for file changes with StatReloader
C:\Users\USER\DAGIIIz\eco\res\res3\ROS\ROS\urls.py changed, reloading.
Watching for file changes with StatReloader
C:\Users\USER\DAGIIIz\eco\res\res3\ROS\ROS\settings.py changed, reloading.
Watching for file changes with StatReloader
Watching for file changes with StatReloader
Forbidden: /api/restaurants/restaurants/1/
Not Found: /waiter/dashboard/
Not Found: /tables/waiter/dashboard/
Not Found: /tables/waiter-dashboard/
Not Found: /tables/waiter_dashboard/
Not Found: /waiter/tables/
Not Found: /waiter/tables/
Not Found: /chef/dashboard/
Not Found: /api/chef/dashboard/
Not Found: /tables/chef/dashboard/
Not Found: /api/tables/chef/dashboard/
Unauthorized: /api/auth/login/
Unauthorized: /api/auth/login/
Not Found: /api/tables/waiter/dashboard/
Forbidden: /api/auth/login/
Forbidden: /api/auth/login/
Forbidden: /api/auth/login/
Unauthorized: /api/auth/login/
C:\Users\USER\DAGIIIz\eco\res\res3\ROS\ROS\urls.py changed, reloading.
Watching for file changes with StatReloader
Watching for file changes with StatReloader
Not Found: /api/tables/waiter/dashboard/
Forbidden: /api/auth/login/
Forbidden: /chef/dashboard/
Forbidden: /api/tables/tables/
Internal Server Error: /api/tables/orders/
Traceback (most recent call last):
  File "C:\Users\USER\.virtualenvs\DAGIIIz-mM3Hxqbw\lib\site-packages\django\core\handlers\exception.py", line 55, in inner
    response = get_response(request)
  File "C:\Users\USER\.virtualenvs\DAGIIIz-mM3Hxqbw\lib\site-packages\django\core\handlers\base.py", line 197, in _get_response
    response = wrapped_callback(request, *callback_args, **callback_kwargs)
  File "C:\Users\USER\.virtualenvs\DAGIIIz-mM3Hxqbw\lib\site-packages\django\views\decorators\csrf.py", line 65, in _view_wrapper
    return view_func(request, *args, **kwargs)
  File "C:\Users\USER\.virtualenvs\DAGIIIz-mM3Hxqbw\lib\site-packages\rest_framework\viewsets.py", line 125, in view
    return self.dispatch(request, *args, **kwargs)
  File "C:\Users\USER\.virtualenvs\DAGIIIz-mM3Hxqbw\lib\site-packages\rest_framework\views.py", line 509, in dispatch
    response = self.handle_exception(exc)
  File "C:\Users\USER\.virtualenvs\DAGIIIz-mM3Hxqbw\lib\site-packages\rest_framework\views.py", line 469, in handle_exception
    self.raise_uncaught_exception(exc)
  File "C:\Users\USER\.virtualenvs\DAGIIIz-mM3Hxqbw\lib\site-packages\rest_framework\views.py", line 480, in raise_uncaught_exception
    raise exc
  File "C:\Users\USER\.virtualenvs\DAGIIIz-mM3Hxqbw\lib\site-packages\rest_framework\views.py", line 506, in dispatch
    response = handler(request, *args, **kwargs)
  File "C:\Users\USER\.virtualenvs\DAGIIIz-mM3Hxqbw\lib\site-packages\rest_framework\mixins.py", line 38, in list
    queryset = self.filter_queryset(self.get_queryset())
  File "C:\Users\USER\.virtualenvs\DAGIIIz-mM3Hxqbw\lib\site-packages\rest_framework\generics.py", line 150, in filter_queryset
    queryset = backend().filter_queryset(self.request, queryset, self)
  File "C:\Users\USER\.virtualenvs\DAGIIIz-mM3Hxqbw\lib\site-packages\django_filters\rest_framework\backends.py", line 72, in filter_queryset
    if not filterset.is_valid() and self.raise_exception:
  File "C:\Users\USER\.virtualenvs\DAGIIIz-mM3Hxqbw\lib\site-packages\django_filters\filterset.py", line 195, in is_valid
    return self.is_bound and self.form.is_valid()
  File "C:\Users\USER\.virtualenvs\DAGIIIz-mM3Hxqbw\lib\site-packages\django_filters\rest_framework\filterset.py", line 26, in form
    form = super().form
  File "C:\Users\USER\.virtualenvs\DAGIIIz-mM3Hxqbw\lib\site-packages\django_filters\filterset.py", line 250, in form
    Form = self.get_form_class()
  File "C:\Users\USER\.virtualenvs\DAGIIIz-mM3Hxqbw\lib\site-packages\django_filters\filterset.py", line 242, in get_form_class
    [(name, filter_.field) for name, filter_ in self.filters.items()]
  File "C:\Users\USER\.virtualenvs\DAGIIIz-mM3Hxqbw\lib\site-packages\django_filters\filterset.py", line 242, in <listcomp>
    [(name, filter_.field) for name, filter_ in self.filters.items()]
  File "C:\Users\USER\.virtualenvs\DAGIIIz-mM3Hxqbw\lib\site-packages\django_filters\filters.py", line 149, in field
    self._field = self.field_class(label=self.label, **field_kwargs)
  File "C:\Users\USER\.virtualenvs\DAGIIIz-mM3Hxqbw\lib\site-packages\django_filters\fields.py", line 278, in __init__
    super().__init__(*args, **kwargs)
  File "C:\Users\USER\.virtualenvs\DAGIIIz-mM3Hxqbw\lib\site-packages\django_filters\fields.py", line 258, in __init__
    super().__init__(*args, **kwargs)
  File "C:\Users\USER\.virtualenvs\DAGIIIz-mM3Hxqbw\lib\site-packages\django\forms\fields.py", line 895, in __init__
    self.choices = choices
  File "C:\Users\USER\.virtualenvs\DAGIIIz-mM3Hxqbw\lib\site-packages\django_filters\fields.py", line 264, in _set_choices
    super()._set_choices(value)
AttributeError: 'super' object has no attribute '_set_choices'
Forbidden: /api/auth/login/
Forbidden: /api/auth/login/
Forbidden: /api/auth/login/
Forbidden: /api/tables/tables/
Internal Server Error: /api/tables/orders/
Traceback (most recent call last):
  File "C:\Users\USER\.virtualenvs\DAGIIIz-mM3Hxqbw\lib\site-packages\django\core\handlers\exception.py", line 55, in inner
    response = get_response(request)
  File "C:\Users\USER\.virtualenvs\DAGIIIz-mM3Hxqbw\lib\site-packages\django\core\handlers\base.py", line 197, in _get_response
    response = wrapped_callback(request, *callback_args, **callback_kwargs)
  File "C:\Users\USER\.virtualenvs\DAGIIIz-mM3Hxqbw\lib\site-packages\django\views\decorators\csrf.py", line 65, in _view_wrapper
    return view_func(request, *args, **kwargs)
  File "C:\Users\USER\.virtualenvs\DAGIIIz-mM3Hxqbw\lib\site-packages\rest_framework\viewsets.py", line 125, in view
    return self.dispatch(request, *args, **kwargs)
  File "C:\Users\USER\.virtualenvs\DAGIIIz-mM3Hxqbw\lib\site-packages\rest_framework\views.py", line 509, in dispatch
    response = self.handle_exception(exc)
  File "C:\Users\USER\.virtualenvs\DAGIIIz-mM3Hxqbw\lib\site-packages\rest_framework\views.py", line 469, in handle_exception
    self.raise_uncaught_exception(exc)
  File "C:\Users\USER\.virtualenvs\DAGIIIz-mM3Hxqbw\lib\site-packages\rest_framework\views.py", line 480, in raise_uncaught_exception
    raise exc
  File "C:\Users\USER\.virtualenvs\DAGIIIz-mM3Hxqbw\lib\site-packages\rest_framework\views.py", line 506, in dispatch
    response = handler(request, *args, **kwargs)
  File "C:\Users\USER\.virtualenvs\DAGIIIz-mM3Hxqbw\lib\site-packages\rest_framework\mixins.py", line 38, in list
    queryset = self.filter_queryset(self.get_queryset())
  File "C:\Users\USER\.virtualenvs\DAGIIIz-mM3Hxqbw\lib\site-packages\rest_framework\generics.py", line 150, in filter_queryset
    queryset = backend().filter_queryset(self.request, queryset, self)
  File "C:\Users\USER\.virtualenvs\DAGIIIz-mM3Hxqbw\lib\site-packages\django_filters\rest_framework\backends.py", line 72, in filter_queryset
    if not filterset.is_valid() and self.raise_exception:
  File "C:\Users\USER\.virtualenvs\DAGIIIz-mM3Hxqbw\lib\site-packages\django_filters\filterset.py", line 195, in is_valid
    return self.is_bound and self.form.is_valid()
  File "C:\Users\USER\.virtualenvs\DAGIIIz-mM3Hxqbw\lib\site-packages\django_filters\rest_framework\filterset.py", line 26, in form
    form = super().form
  File "C:\Users\USER\.virtualenvs\DAGIIIz-mM3Hxqbw\lib\site-packages\django_filters\filterset.py", line 250, in form
    Form = self.get_form_class()
  File "C:\Users\USER\.virtualenvs\DAGIIIz-mM3Hxqbw\lib\site-packages\django_filters\filterset.py", line 242, in get_form_class
    [(name, filter_.field) for name, filter_ in self.filters.items()]
  File "C:\Users\USER\.virtualenvs\DAGIIIz-mM3Hxqbw\lib\site-packages\django_filters\filterset.py", line 242, in <listcomp>
    [(name, filter_.field) for name, filter_ in self.filters.items()]
  File "C:\Users\USER\.virtualenvs\DAGIIIz-mM3Hxqbw\lib\site-packages\django_filters\filters.py", line 149, in field
    self._field = self.field_class(label=self.label, **field_kwargs)
  File "C:\Users\USER\.virtualenvs\DAGIIIz-mM3Hxqbw\lib\site-packages\django_filters\fields.py", line 278, in __init__
    super().__init__(*args, **kwargs)
  File "C:\Users\USER\.virtualenvs\DAGIIIz-mM3Hxqbw\lib\site-packages\django_filters\fields.py", line 258, in __init__
    super().__init__(*args, **kwargs)
  File "C:\Users\USER\.virtualenvs\DAGIIIz-mM3Hxqbw\lib\site-packages\django\forms\fields.py", line 895, in __init__
    self.choices = choices
  File "C:\Users\USER\.virtualenvs\DAGIIIz-mM3Hxqbw\lib\site-packages\django_filters\fields.py", line 264, in _set_choices
    super()._set_choices(value)
AttributeError: 'super' object has no attribute '_set_choices'
Not Found: /logout/
Forbidden: /api/tables/tables/
Internal Server Error: /api/tables/orders/
Traceback (most recent call last):
  File "C:\Users\USER\.virtualenvs\DAGIIIz-mM3Hxqbw\lib\site-packages\django\core\handlers\exception.py", line 55, in inner
    response = get_response(request)
  File "C:\Users\USER\.virtualenvs\DAGIIIz-mM3Hxqbw\lib\site-packages\django\core\handlers\base.py", line 197, in _get_response
    response = wrapped_callback(request, *callback_args, **callback_kwargs)
  File "C:\Users\USER\.virtualenvs\DAGIIIz-mM3Hxqbw\lib\site-packages\django\views\decorators\csrf.py", line 65, in _view_wrapper
    return view_func(request, *args, **kwargs)
  File "C:\Users\USER\.virtualenvs\DAGIIIz-mM3Hxqbw\lib\site-packages\rest_framework\viewsets.py", line 125, in view
    return self.dispatch(request, *args, **kwargs)
  File "C:\Users\USER\.virtualenvs\DAGIIIz-mM3Hxqbw\lib\site-packages\rest_framework\views.py", line 509, in dispatch
    response = self.handle_exception(exc)
  File "C:\Users\USER\.virtualenvs\DAGIIIz-mM3Hxqbw\lib\site-packages\rest_framework\views.py", line 469, in handle_exception
    self.raise_uncaught_exception(exc)
  File "C:\Users\USER\.virtualenvs\DAGIIIz-mM3Hxqbw\lib\site-packages\rest_framework\views.py", line 480, in raise_uncaught_exception
    raise exc
  File "C:\Users\USER\.virtualenvs\DAGIIIz-mM3Hxqbw\lib\site-packages\rest_framework\views.py", line 506, in dispatch
    response = handler(request, *args, **kwargs)
  File "C:\Users\USER\.virtualenvs\DAGIIIz-mM3Hxqbw\lib\site-packages\rest_framework\mixins.py", line 38, in list
    queryset = self.filter_queryset(self.get_queryset())
  File "C:\Users\USER\.virtualenvs\DAGIIIz-mM3Hxqbw\lib\site-packages\rest_framework\generics.py", line 150, in filter_queryset
    queryset = backend().filter_queryset(self.request, queryset, self)
  File "C:\Users\USER\.virtualenvs\DAGIIIz-mM3Hxqbw\lib\site-packages\django_filters\rest_framework\backends.py", line 72, in filter_queryset
    if not filterset.is_valid() and self.raise_exception:
  File "C:\Users\USER\.virtualenvs\DAGIIIz-mM3Hxqbw\lib\site-packages\django_filters\filterset.py", line 195, in is_valid
    return self.is_bound and self.form.is_valid()
  File "C:\Users\USER\.virtualenvs\DAGIIIz-mM3Hxqbw\lib\site-packages\django_filters\rest_framework\filterset.py", line 26, in form
    form = super().form
  File "C:\Users\USER\.virtualenvs\DAGIIIz-mM3Hxqbw\lib\site-packages\django_filters\filterset.py", line 250, in form
    Form = self.get_form_class()
  File "C:\Users\USER\.virtualenvs\DAGIIIz-mM3Hxqbw\lib\site-packages\django_filters\filterset.py", line 242, in get_form_class
    [(name, filter_.field) for name, filter_ in self.filters.items()]
  File "C:\Users\USER\.virtualenvs\DAGIIIz-mM3Hxqbw\lib\site-packages\django_filters\filterset.py", line 242, in <listcomp>
    [(name, filter_.field) for name, filter_ in self.filters.items()]
  File "C:\Users\USER\.virtualenvs\DAGIIIz-mM3Hxqbw\lib\site-packages\django_filters\filters.py", line 149, in field
    self._field = self.field_class(label=self.label, **field_kwargs)
  File "C:\Users\USER\.virtualenvs\DAGIIIz-mM3Hxqbw\lib\site-packages\django_filters\fields.py", line 278, in __init__
    super().__init__(*args, **kwargs)
  File "C:\Users\USER\.virtualenvs\DAGIIIz-mM3Hxqbw\lib\site-packages\django_filters\fields.py", line 258, in __init__
    super().__init__(*args, **kwargs)
  File "C:\Users\USER\.virtualenvs\DAGIIIz-mM3Hxqbw\lib\site-packages\django\forms\fields.py", line 895, in __init__
    self.choices = choices
  File "C:\Users\USER\.virtualenvs\DAGIIIz-mM3Hxqbw\lib\site-packages\django_filters\fields.py", line 264, in _set_choices
    super()._set_choices(value)
AttributeError: 'super' object has no attribute '_set_choices'
Forbidden: /api/tables/tables/
Internal Server Error: /api/tables/orders/
Traceback (most recent call last):
  File "C:\Users\USER\.virtualenvs\DAGIIIz-mM3Hxqbw\lib\site-packages\django\core\handlers\exception.py", line 55, in inner
    response = get_response(request)
  File "C:\Users\USER\.virtualenvs\DAGIIIz-mM3Hxqbw\lib\site-packages\django\core\handlers\base.py", line 197, in _get_response
    response = wrapped_callback(request, *callback_args, **callback_kwargs)
  File "C:\Users\USER\.virtualenvs\DAGIIIz-mM3Hxqbw\lib\site-packages\django\views\decorators\csrf.py", line 65, in _view_wrapper
    return view_func(request, *args, **kwargs)
  File "C:\Users\USER\.virtualenvs\DAGIIIz-mM3Hxqbw\lib\site-packages\rest_framework\viewsets.py", line 125, in view
    return self.dispatch(request, *args, **kwargs)
  File "C:\Users\USER\.virtualenvs\DAGIIIz-mM3Hxqbw\lib\site-packages\rest_framework\views.py", line 509, in dispatch
    response = self.handle_exception(exc)
  File "C:\Users\USER\.virtualenvs\DAGIIIz-mM3Hxqbw\lib\site-packages\rest_framework\views.py", line 469, in handle_exception
    self.raise_uncaught_exception(exc)
  File "C:\Users\USER\.virtualenvs\DAGIIIz-mM3Hxqbw\lib\site-packages\rest_framework\views.py", line 480, in raise_uncaught_exception
    raise exc
  File "C:\Users\USER\.virtualenvs\DAGIIIz-mM3Hxqbw\lib\site-packages\rest_framework\views.py", line 506, in dispatch
    response = handler(request, *args, **kwargs)
  File "C:\Users\USER\.virtualenvs\DAGIIIz-mM3Hxqbw\lib\site-packages\rest_framework\mixins.py", line 38, in list
    queryset = self.filter_queryset(self.get_queryset())
  File "C:\Users\USER\.virtualenvs\DAGIIIz-mM3Hxqbw\lib\site-packages\rest_framework\generics.py", line 150, in filter_queryset
    queryset = backend().filter_queryset(self.request, queryset, self)
  File "C:\Users\USER\.virtualenvs\DAGIIIz-mM3Hxqbw\lib\site-packages\django_filters\rest_framework\backends.py", line 72, in filter_queryset
    if not filterset.is_valid() and self.raise_exception:
  File "C:\Users\USER\.virtualenvs\DAGIIIz-mM3Hxqbw\lib\site-packages\django_filters\filterset.py", line 195, in is_valid
    return self.is_bound and self.form.is_valid()
  File "C:\Users\USER\.virtualenvs\DAGIIIz-mM3Hxqbw\lib\site-packages\django_filters\rest_framework\filterset.py", line 26, in form
    form = super().form
  File "C:\Users\USER\.virtualenvs\DAGIIIz-mM3Hxqbw\lib\site-packages\django_filters\filterset.py", line 250, in form
    Form = self.get_form_class()
  File "C:\Users\USER\.virtualenvs\DAGIIIz-mM3Hxqbw\lib\site-packages\django_filters\filterset.py", line 242, in get_form_class
    [(name, filter_.field) for name, filter_ in self.filters.items()]
  File "C:\Users\USER\.virtualenvs\DAGIIIz-mM3Hxqbw\lib\site-packages\django_filters\filterset.py", line 242, in <listcomp>
    [(name, filter_.field) for name, filter_ in self.filters.items()]
  File "C:\Users\USER\.virtualenvs\DAGIIIz-mM3Hxqbw\lib\site-packages\django_filters\filters.py", line 149, in field
    self._field = self.field_class(label=self.label, **field_kwargs)
  File "C:\Users\USER\.virtualenvs\DAGIIIz-mM3Hxqbw\lib\site-packages\django_filters\fields.py", line 278, in __init__
    super().__init__(*args, **kwargs)
  File "C:\Users\USER\.virtualenvs\DAGIIIz-mM3Hxqbw\lib\site-packages\django_filters\fields.py", line 258, in __init__
    super().__init__(*args, **kwargs)
  File "C:\Users\USER\.virtualenvs\DAGIIIz-mM3Hxqbw\lib\site-packages\django\forms\fields.py", line 895, in __init__
    self.choices = choices
  File "C:\Users\USER\.virtualenvs\DAGIIIz-mM3Hxqbw\lib\site-packages\django_filters\fields.py", line 264, in _set_choices
    super()._set_choices(value)
AttributeError: 'super' object has no attribute '_set_choices'
Forbidden: /api/tables/tables/
Internal Server Error: /api/tables/orders/
Traceback (most recent call last):
  File "C:\Users\USER\.virtualenvs\DAGIIIz-mM3Hxqbw\lib\site-packages\django\core\handlers\exception.py", line 55, in inner
    response = get_response(request)
  File "C:\Users\USER\.virtualenvs\DAGIIIz-mM3Hxqbw\lib\site-packages\django\core\handlers\base.py", line 197, in _get_response
    response = wrapped_callback(request, *callback_args, **callback_kwargs)
  File "C:\Users\USER\.virtualenvs\DAGIIIz-mM3Hxqbw\lib\site-packages\django\views\decorators\csrf.py", line 65, in _view_wrapper
    return view_func(request, *args, **kwargs)
  File "C:\Users\USER\.virtualenvs\DAGIIIz-mM3Hxqbw\lib\site-packages\rest_framework\viewsets.py", line 125, in view
    return self.dispatch(request, *args, **kwargs)
  File "C:\Users\USER\.virtualenvs\DAGIIIz-mM3Hxqbw\lib\site-packages\rest_framework\views.py", line 509, in dispatch
    response = self.handle_exception(exc)
  File "C:\Users\USER\.virtualenvs\DAGIIIz-mM3Hxqbw\lib\site-packages\rest_framework\views.py", line 469, in handle_exception
    self.raise_uncaught_exception(exc)
  File "C:\Users\USER\.virtualenvs\DAGIIIz-mM3Hxqbw\lib\site-packages\rest_framework\views.py", line 480, in raise_uncaught_exception
    raise exc
  File "C:\Users\USER\.virtualenvs\DAGIIIz-mM3Hxqbw\lib\site-packages\rest_framework\views.py", line 506, in dispatch
    response = handler(request, *args, **kwargs)
  File "C:\Users\USER\.virtualenvs\DAGIIIz-mM3Hxqbw\lib\site-packages\rest_framework\mixins.py", line 38, in list
    queryset = self.filter_queryset(self.get_queryset())
  File "C:\Users\USER\.virtualenvs\DAGIIIz-mM3Hxqbw\lib\site-packages\rest_framework\generics.py", line 150, in filter_queryset
    queryset = backend().filter_queryset(self.request, queryset, self)
  File "C:\Users\USER\.virtualenvs\DAGIIIz-mM3Hxqbw\lib\site-packages\django_filters\rest_framework\backends.py", line 72, in filter_queryset
    if not filterset.is_valid() and self.raise_exception:
  File "C:\Users\USER\.virtualenvs\DAGIIIz-mM3Hxqbw\lib\site-packages\django_filters\filterset.py", line 195, in is_valid
    return self.is_bound and self.form.is_valid()
  File "C:\Users\USER\.virtualenvs\DAGIIIz-mM3Hxqbw\lib\site-packages\django_filters\rest_framework\filterset.py", line 26, in form
    form = super().form
  File "C:\Users\USER\.virtualenvs\DAGIIIz-mM3Hxqbw\lib\site-packages\django_filters\filterset.py", line 250, in form
    Form = self.get_form_class()
  File "C:\Users\USER\.virtualenvs\DAGIIIz-mM3Hxqbw\lib\site-packages\django_filters\filterset.py", line 242, in get_form_class
    [(name, filter_.field) for name, filter_ in self.filters.items()]
  File "C:\Users\USER\.virtualenvs\DAGIIIz-mM3Hxqbw\lib\site-packages\django_filters\filterset.py", line 242, in <listcomp>
    [(name, filter_.field) for name, filter_ in self.filters.items()]
  File "C:\Users\USER\.virtualenvs\DAGIIIz-mM3Hxqbw\lib\site-packages\django_filters\filters.py", line 149, in field
    self._field = self.field_class(label=self.label, **field_kwargs)
  File "C:\Users\USER\.virtualenvs\DAGIIIz-mM3Hxqbw\lib\site-packages\django_filters\fields.py", line 278, in __init__
    super().__init__(*args, **kwargs)
  File "C:\Users\USER\.virtualenvs\DAGIIIz-mM3Hxqbw\lib\site-packages\django_filters\fields.py", line 258, in __init__
    super().__init__(*args, **kwargs)
  File "C:\Users\USER\.virtualenvs\DAGIIIz-mM3Hxqbw\lib\site-packages\django\forms\fields.py", line 895, in __init__
    self.choices = choices
  File "C:\Users\USER\.virtualenvs\DAGIIIz-mM3Hxqbw\lib\site-packages\django_filters\fields.py", line 264, in _set_choices
    super()._set_choices(value)
AttributeError: 'super' object has no attribute '_set_choices'
Forbidden: /api/tables/tables/
Internal Server Error: /api/tables/orders/
Traceback (most recent call last):
  File "C:\Users\USER\.virtualenvs\DAGIIIz-mM3Hxqbw\lib\site-packages\django\core\handlers\exception.py", line 55, in inner
    response = get_response(request)
  File "C:\Users\USER\.virtualenvs\DAGIIIz-mM3Hxqbw\lib\site-packages\django\core\handlers\base.py", line 197, in _get_response
    response = wrapped_callback(request, *callback_args, **callback_kwargs)
  File "C:\Users\USER\.virtualenvs\DAGIIIz-mM3Hxqbw\lib\site-packages\django\views\decorators\csrf.py", line 65, in _view_wrapper
    return view_func(request, *args, **kwargs)
  File "C:\Users\USER\.virtualenvs\DAGIIIz-mM3Hxqbw\lib\site-packages\rest_framework\viewsets.py", line 125, in view
    return self.dispatch(request, *args, **kwargs)
  File "C:\Users\USER\.virtualenvs\DAGIIIz-mM3Hxqbw\lib\site-packages\rest_framework\views.py", line 509, in dispatch
    response = self.handle_exception(exc)
  File "C:\Users\USER\.virtualenvs\DAGIIIz-mM3Hxqbw\lib\site-packages\rest_framework\views.py", line 469, in handle_exception
    self.raise_uncaught_exception(exc)
  File "C:\Users\USER\.virtualenvs\DAGIIIz-mM3Hxqbw\lib\site-packages\rest_framework\views.py", line 480, in raise_uncaught_exception
    raise exc
  File "C:\Users\USER\.virtualenvs\DAGIIIz-mM3Hxqbw\lib\site-packages\rest_framework\views.py", line 506, in dispatch
    response = handler(request, *args, **kwargs)
  File "C:\Users\USER\.virtualenvs\DAGIIIz-mM3Hxqbw\lib\site-packages\rest_framework\mixins.py", line 38, in list
    queryset = self.filter_queryset(self.get_queryset())
  File "C:\Users\USER\.virtualenvs\DAGIIIz-mM3Hxqbw\lib\site-packages\rest_framework\generics.py", line 150, in filter_queryset
    queryset = backend().filter_queryset(self.request, queryset, self)
  File "C:\Users\USER\.virtualenvs\DAGIIIz-mM3Hxqbw\lib\site-packages\django_filters\rest_framework\backends.py", line 72, in filter_queryset
    if not filterset.is_valid() and self.raise_exception:
  File "C:\Users\USER\.virtualenvs\DAGIIIz-mM3Hxqbw\lib\site-packages\django_filters\filterset.py", line 195, in is_valid
    return self.is_bound and self.form.is_valid()
  File "C:\Users\USER\.virtualenvs\DAGIIIz-mM3Hxqbw\lib\site-packages\django_filters\rest_framework\filterset.py", line 26, in form
    form = super().form
  File "C:\Users\USER\.virtualenvs\DAGIIIz-mM3Hxqbw\lib\site-packages\django_filters\filterset.py", line 250, in form
    Form = self.get_form_class()
  File "C:\Users\USER\.virtualenvs\DAGIIIz-mM3Hxqbw\lib\site-packages\django_filters\filterset.py", line 242, in get_form_class
    [(name, filter_.field) for name, filter_ in self.filters.items()]
  File "C:\Users\USER\.virtualenvs\DAGIIIz-mM3Hxqbw\lib\site-packages\django_filters\filterset.py", line 242, in <listcomp>
    [(name, filter_.field) for name, filter_ in self.filters.items()]
  File "C:\Users\USER\.virtualenvs\DAGIIIz-mM3Hxqbw\lib\site-packages\django_filters\filters.py", line 149, in field
    self._field = self.field_class(label=self.label, **field_kwargs)
  File "C:\Users\USER\.virtualenvs\DAGIIIz-mM3Hxqbw\lib\site-packages\django_filters\fields.py", line 278, in __init__
    super().__init__(*args, **kwargs)
  File "C:\Users\USER\.virtualenvs\DAGIIIz-mM3Hxqbw\lib\site-packages\django_filters\fields.py", line 258, in __init__
    super().__init__(*args, **kwargs)
  File "C:\Users\USER\.virtualenvs\DAGIIIz-mM3Hxqbw\lib\site-packages\django\forms\fields.py", line 895, in __init__
    self.choices = choices
  File "C:\Users\USER\.virtualenvs\DAGIIIz-mM3Hxqbw\lib\site-packages\django_filters\fields.py", line 264, in _set_choices
    super()._set_choices(value)
AttributeError: 'super' object has no attribute '_set_choices'
Forbidden: /api/tables/tables/
Internal Server Error: /api/tables/orders/
Traceback (most recent call last):
  File "C:\Users\USER\.virtualenvs\DAGIIIz-mM3Hxqbw\lib\site-packages\django\core\handlers\exception.py", line 55, in inner
    response = get_response(request)
  File "C:\Users\USER\.virtualenvs\DAGIIIz-mM3Hxqbw\lib\site-packages\django\core\handlers\base.py", line 197, in _get_response
    response = wrapped_callback(request, *callback_args, **callback_kwargs)
  File "C:\Users\USER\.virtualenvs\DAGIIIz-mM3Hxqbw\lib\site-packages\django\views\decorators\csrf.py", line 65, in _view_wrapper
    return view_func(request, *args, **kwargs)
  File "C:\Users\USER\.virtualenvs\DAGIIIz-mM3Hxqbw\lib\site-packages\rest_framework\viewsets.py", line 125, in view
    return self.dispatch(request, *args, **kwargs)
  File "C:\Users\USER\.virtualenvs\DAGIIIz-mM3Hxqbw\lib\site-packages\rest_framework\views.py", line 509, in dispatch
    response = self.handle_exception(exc)
  File "C:\Users\USER\.virtualenvs\DAGIIIz-mM3Hxqbw\lib\site-packages\rest_framework\views.py", line 469, in handle_exception
    self.raise_uncaught_exception(exc)
  File "C:\Users\USER\.virtualenvs\DAGIIIz-mM3Hxqbw\lib\site-packages\rest_framework\views.py", line 480, in raise_uncaught_exception
    raise exc
  File "C:\Users\USER\.virtualenvs\DAGIIIz-mM3Hxqbw\lib\site-packages\rest_framework\views.py", line 506, in dispatch
    response = handler(request, *args, **kwargs)
  File "C:\Users\USER\.virtualenvs\DAGIIIz-mM3Hxqbw\lib\site-packages\rest_framework\mixins.py", line 38, in list
    queryset = self.filter_queryset(self.get_queryset())
  File "C:\Users\USER\.virtualenvs\DAGIIIz-mM3Hxqbw\lib\site-packages\rest_framework\generics.py", line 150, in filter_queryset
    queryset = backend().filter_queryset(self.request, queryset, self)
  File "C:\Users\USER\.virtualenvs\DAGIIIz-mM3Hxqbw\lib\site-packages\django_filters\rest_framework\backends.py", line 72, in filter_queryset
    if not filterset.is_valid() and self.raise_exception:
  File "C:\Users\USER\.virtualenvs\DAGIIIz-mM3Hxqbw\lib\site-packages\django_filters\filterset.py", line 195, in is_valid
    return self.is_bound and self.form.is_valid()
  File "C:\Users\USER\.virtualenvs\DAGIIIz-mM3Hxqbw\lib\site-packages\django_filters\rest_framework\filterset.py", line 26, in form
    form = super().form
  File "C:\Users\USER\.virtualenvs\DAGIIIz-mM3Hxqbw\lib\site-packages\django_filters\filterset.py", line 250, in form
    Form = self.get_form_class()
  File "C:\Users\USER\.virtualenvs\DAGIIIz-mM3Hxqbw\lib\site-packages\django_filters\filterset.py", line 242, in get_form_class
    [(name, filter_.field) for name, filter_ in self.filters.items()]
  File "C:\Users\USER\.virtualenvs\DAGIIIz-mM3Hxqbw\lib\site-packages\django_filters\filterset.py", line 242, in <listcomp>
    [(name, filter_.field) for name, filter_ in self.filters.items()]
  File "C:\Users\USER\.virtualenvs\DAGIIIz-mM3Hxqbw\lib\site-packages\django_filters\filters.py", line 149, in field
    self._field = self.field_class(label=self.label, **field_kwargs)
  File "C:\Users\USER\.virtualenvs\DAGIIIz-mM3Hxqbw\lib\site-packages\django_filters\fields.py", line 278, in __init__
    super().__init__(*args, **kwargs)
  File "C:\Users\USER\.virtualenvs\DAGIIIz-mM3Hxqbw\lib\site-packages\django_filters\fields.py", line 258, in __init__
    super().__init__(*args, **kwargs)
  File "C:\Users\USER\.virtualenvs\DAGIIIz-mM3Hxqbw\lib\site-packages\django\forms\fields.py", line 895, in __init__
    self.choices = choices
  File "C:\Users\USER\.virtualenvs\DAGIIIz-mM3Hxqbw\lib\site-packages\django_filters\fields.py", line 264, in _set_choices
    super()._set_choices(value)
AttributeError: 'super' object has no attribute '_set_choices'
Forbidden: /chef/dashboard/
C:\Users\USER\DAGIIIz\eco\res\res3\ROS\accounts\views.py changed, reloading.
Watching for file changes with StatReloader
C:\Users\USER\DAGIIIz\eco\res\res3\ROS\accounts\views.py changed, reloading.
Watching for file changes with StatReloader
C:\Users\USER\DAGIIIz\eco\res\res3\ROS\tables\views.py changed, reloading.
Watching for file changes with StatReloader
Forbidden: /api/auth/logout/
Forbidden: /api/auth/logout/
Not Found: /accounts/login/
Forbidden: /api/auth/logout/
Forbidden: /api/auth/logout/
Not Found: /accounts/login/
Not Found: /api/tables/waiter/dashboard/
Not Found: /api/tables/waiter/dashboard/
Not Found: /api/tables/waiter/dashboard/
C:\Users\USER\DAGIIIz\eco\res\res3\ROS\accounts\views.py changed, reloading.
Watching for file changes with StatReloader
C:\Users\USER\DAGIIIz\eco\res\res3\ROS\accounts\views.py changed, reloading.
Watching for file changes with StatReloader
C:\Users\USER\DAGIIIz\eco\res\res3\ROS\accounts\views.py changed, reloading.
Watching for file changes with StatReloader
C:\Users\USER\DAGIIIz\eco\res\res3\ROS\ROS\settings.py changed, reloading.
Watching for file changes with StatReloader
Forbidden: /api/tables/tables/
Internal Server Error: /api/tables/orders/
Traceback (most recent call last):
  File "C:\Users\USER\.virtualenvs\DAGIIIz-mM3Hxqbw\lib\site-packages\django\core\handlers\exception.py", line 55, in inner
    response = get_response(request)
  File "C:\Users\USER\.virtualenvs\DAGIIIz-mM3Hxqbw\lib\site-packages\django\core\handlers\base.py", line 197, in _get_response
    response = wrapped_callback(request, *callback_args, **callback_kwargs)
  File "C:\Users\USER\.virtualenvs\DAGIIIz-mM3Hxqbw\lib\site-packages\django\views\decorators\csrf.py", line 65, in _view_wrapper
    return view_func(request, *args, **kwargs)
  File "C:\Users\USER\.virtualenvs\DAGIIIz-mM3Hxqbw\lib\site-packages\rest_framework\viewsets.py", line 125, in view
    return self.dispatch(request, *args, **kwargs)
  File "C:\Users\USER\.virtualenvs\DAGIIIz-mM3Hxqbw\lib\site-packages\rest_framework\views.py", line 509, in dispatch
    response = self.handle_exception(exc)
  File "C:\Users\USER\.virtualenvs\DAGIIIz-mM3Hxqbw\lib\site-packages\rest_framework\views.py", line 469, in handle_exception
    self.raise_uncaught_exception(exc)
  File "C:\Users\USER\.virtualenvs\DAGIIIz-mM3Hxqbw\lib\site-packages\rest_framework\views.py", line 480, in raise_uncaught_exception
    raise exc
  File "C:\Users\USER\.virtualenvs\DAGIIIz-mM3Hxqbw\lib\site-packages\rest_framework\views.py", line 506, in dispatch
    response = handler(request, *args, **kwargs)
  File "C:\Users\USER\.virtualenvs\DAGIIIz-mM3Hxqbw\lib\site-packages\rest_framework\mixins.py", line 38, in list
    queryset = self.filter_queryset(self.get_queryset())
  File "C:\Users\USER\.virtualenvs\DAGIIIz-mM3Hxqbw\lib\site-packages\rest_framework\generics.py", line 150, in filter_queryset
    queryset = backend().filter_queryset(self.request, queryset, self)
  File "C:\Users\USER\.virtualenvs\DAGIIIz-mM3Hxqbw\lib\site-packages\django_filters\rest_framework\backends.py", line 72, in filter_queryset
    if not filterset.is_valid() and self.raise_exception:
  File "C:\Users\USER\.virtualenvs\DAGIIIz-mM3Hxqbw\lib\site-packages\django_filters\filterset.py", line 195, in is_valid
    return self.is_bound and self.form.is_valid()
  File "C:\Users\USER\.virtualenvs\DAGIIIz-mM3Hxqbw\lib\site-packages\django_filters\rest_framework\filterset.py", line 26, in form
    form = super().form
  File "C:\Users\USER\.virtualenvs\DAGIIIz-mM3Hxqbw\lib\site-packages\django_filters\filterset.py", line 250, in form
    Form = self.get_form_class()
  File "C:\Users\USER\.virtualenvs\DAGIIIz-mM3Hxqbw\lib\site-packages\django_filters\filterset.py", line 242, in get_form_class
    [(name, filter_.field) for name, filter_ in self.filters.items()]
  File "C:\Users\USER\.virtualenvs\DAGIIIz-mM3Hxqbw\lib\site-packages\django_filters\filterset.py", line 242, in <listcomp>
    [(name, filter_.field) for name, filter_ in self.filters.items()]
  File "C:\Users\USER\.virtualenvs\DAGIIIz-mM3Hxqbw\lib\site-packages\django_filters\filters.py", line 149, in field
    self._field = self.field_class(label=self.label, **field_kwargs)
  File "C:\Users\USER\.virtualenvs\DAGIIIz-mM3Hxqbw\lib\site-packages\django_filters\fields.py", line 278, in __init__
    super().__init__(*args, **kwargs)
  File "C:\Users\USER\.virtualenvs\DAGIIIz-mM3Hxqbw\lib\site-packages\django_filters\fields.py", line 258, in __init__
    super().__init__(*args, **kwargs)
  File "C:\Users\USER\.virtualenvs\DAGIIIz-mM3Hxqbw\lib\site-packages\django\forms\fields.py", line 895, in __init__
    self.choices = choices
  File "C:\Users\USER\.virtualenvs\DAGIIIz-mM3Hxqbw\lib\site-packages\django_filters\fields.py", line 264, in _set_choices
    super()._set_choices(value)
AttributeError: 'super' object has no attribute '_set_choices'
Not Found: /logout/
Not Found: /api/tables/waiter/dashboard/
Forbidden: /api/tables/orders/
Forbidden: /api/tables/orders/
Not Found: /api/tables/waiter/dashboard/
Not Found: /api/tables/waiter/dashboard/
C:\Users\USER\DAGIIIz\eco\res\res3\ROS\tables\views.py changed, reloading.
Watching for file changes with StatReloader
C:\Users\USER\DAGIIIz\eco\res\res3\ROS\tables\views.py changed, reloading.
Watching for file changes with StatReloader
Not Found: /api/tables/waiter/dashboard/
Not Found: /api/tables/waiter/dashboard/
Not Found: /api/tables/waiter/dashboard/
Forbidden: /api/tables/orders/
Forbidden: /api/tables/orders/
Forbidden: /api/tables/tables/
Not Found: /logout/
Watching for file changes with StatReloader
Forbidden: /api/tables/tables/
Not Found: /logout/
C:\Users\USER\DAGIIIz\eco\res\res3\ROS\accounts\views.py changed, reloading.
Watching for file changes with StatReloader
Forbidden: /api/tables/tables/
Not Found: /logout/
Forbidden: /api/tables/tables/
Forbidden: /api/tables/tables/
Forbidden: /api/tables/tables/
Forbidden: /api/tables/tables/
Forbidden: /api/tables/tables/
Forbidden: /api/tables/tables/
Not Found: /logout/
Forbidden: /api/tables/tables/
Forbidden: /api/tables/tables/
Forbidden: /api/tables/tables/
Forbidden: /api/tables/tables/
Forbidden: /api/tables/tables/
Forbidden: /api/tables/tables/
Forbidden: /api/tables/tables/
Forbidden: /api/tables/tables/
Forbidden: /api/tables/tables/
Forbidden: /api/tables/tables/
Forbidden: /api/tables/tables/
Forbidden: /api/tables/tables/
Forbidden: /api/tables/tables/
Forbidden: /api/tables/tables/
Forbidden: /api/tables/tables/
Forbidden: /api/tables/tables/
Forbidden: /api/tables/tables/
Forbidden: /api/tables/tables/
C:\Users\USER\DAGIIIz\eco\res\res3\ROS\ROS\urls.py changed, reloading.
Watching for file changes with StatReloader
Forbidden: /api/tables/tables/
Forbidden: /api/tables/tables/
Method Not Allowed (GET): /logout/
Method Not Allowed: /logout/
Method Not Allowed (GET): /logout/
Method Not Allowed: /logout/
Forbidden: /api/tables/tables/
Forbidden: /api/tables/tables/
C:\Users\USER\DAGIIIz\eco\res\res3\ROS\ROS\urls.py changed, reloading.
Watching for file changes with StatReloader
C:\Users\USER\DAGIIIz\eco\res\res3\ROS\ROS\urls.py changed, reloading.
Watching for file changes with StatReloader
Forbidden: /api/tables/tables/
Method Not Allowed: /api/auth/logout/
C:\Users\USER\DAGIIIz\eco\res\res3\ROS\ROS\urls.py changed, reloading.
Watching for file changes with StatReloader
C:\Users\USER\DAGIIIz\eco\res\res3\ROS\ROS\urls.py changed, reloading.
Watching for file changes with StatReloader
C:\Users\USER\DAGIIIz\eco\res\res3\ROS\ROS\urls.py changed, reloading.
Watching for file changes with StatReloader
Forbidden: /api/tables/tables/
Forbidden: /api/tables/tables/
Forbidden: /api/tables/tables/
Watching for file changes with StatReloader
Forbidden: /api/tables/tables/
Not Found: /api/tables/waiter/dashboard/
Not Found: /api/tables/waiter/dashboard/
Forbidden: /api/tables/tables/
Forbidden: /api/tables/tables/
Forbidden: /api/tables/tables/
Forbidden: /api/tables/tables/
Forbidden: /api/tables/tables/
Forbidden: /api/tables/tables/
Forbidden: /api/auth/login/
Forbidden: /api/auth/login/
Forbidden: /api/auth/login/
Forbidden: /api/auth/login/
Not Found: /api/tables/waiter/dashboard/
Forbidden: /api/tables/tables/
Watching for file changes with StatReloader
Forbidden: /api/tables/tables/
Forbidden: /api/tables/tables/
C:\Users\USER\DAGIIIz\eco\res\res3\ROS\tables\views.py changed, reloading.
Watching for file changes with StatReloader
C:\Users\USER\DAGIIIz\eco\res\res3\ROS\tables\views.py changed, reloading.
Watching for file changes with StatReloader
Bad Request: /api/auth/login/
Bad Request: /api/auth/login/
Bad Request: /api/auth/login/
Bad Request: /api/auth/login/
Watching for file changes with StatReloader
Internal Server Error: /api/tables/tables/
Traceback (most recent call last):
  File "C:\Users\USER\.virtualenvs\DAGIIIz-mM3Hxqbw\lib\site-packages\django\core\handlers\exception.py", line 55, in inner
    response = get_response(request)
  File "C:\Users\USER\.virtualenvs\DAGIIIz-mM3Hxqbw\lib\site-packages\django\core\handlers\base.py", line 197, in _get_response
    response = wrapped_callback(request, *callback_args, **callback_kwargs)
  File "C:\Users\USER\.virtualenvs\DAGIIIz-mM3Hxqbw\lib\site-packages\django\views\decorators\csrf.py", line 65, in _view_wrapper
    return view_func(request, *args, **kwargs)
  File "C:\Users\USER\.virtualenvs\DAGIIIz-mM3Hxqbw\lib\site-packages\rest_framework\viewsets.py", line 125, in view
    return self.dispatch(request, *args, **kwargs)
  File "C:\Users\USER\.virtualenvs\DAGIIIz-mM3Hxqbw\lib\site-packages\rest_framework\views.py", line 509, in dispatch
    response = self.handle_exception(exc)
  File "C:\Users\USER\.virtualenvs\DAGIIIz-mM3Hxqbw\lib\site-packages\rest_framework\views.py", line 469, in handle_exception
    self.raise_uncaught_exception(exc)
  File "C:\Users\USER\.virtualenvs\DAGIIIz-mM3Hxqbw\lib\site-packages\rest_framework\views.py", line 480, in raise_uncaught_exception
    raise exc
  File "C:\Users\USER\.virtualenvs\DAGIIIz-mM3Hxqbw\lib\site-packages\rest_framework\views.py", line 506, in dispatch
    response = handler(request, *args, **kwargs)
  File "C:\Users\USER\.virtualenvs\DAGIIIz-mM3Hxqbw\lib\site-packages\rest_framework\mixins.py", line 38, in list
    queryset = self.filter_queryset(self.get_queryset())
  File "C:\Users\USER\.virtualenvs\DAGIIIz-mM3Hxqbw\lib\site-packages\rest_framework\generics.py", line 150, in filter_queryset
    queryset = backend().filter_queryset(self.request, queryset, self)
  File "C:\Users\USER\.virtualenvs\DAGIIIz-mM3Hxqbw\lib\site-packages\django_filters\rest_framework\backends.py", line 72, in filter_queryset
    if not filterset.is_valid() and self.raise_exception:
  File "C:\Users\USER\.virtualenvs\DAGIIIz-mM3Hxqbw\lib\site-packages\django_filters\filterset.py", line 195, in is_valid
    return self.is_bound and self.form.is_valid()
  File "C:\Users\USER\.virtualenvs\DAGIIIz-mM3Hxqbw\lib\site-packages\django_filters\rest_framework\filterset.py", line 26, in form
    form = super().form
  File "C:\Users\USER\.virtualenvs\DAGIIIz-mM3Hxqbw\lib\site-packages\django_filters\filterset.py", line 250, in form
    Form = self.get_form_class()
  File "C:\Users\USER\.virtualenvs\DAGIIIz-mM3Hxqbw\lib\site-packages\django_filters\filterset.py", line 242, in get_form_class
    [(name, filter_.field) for name, filter_ in self.filters.items()]
  File "C:\Users\USER\.virtualenvs\DAGIIIz-mM3Hxqbw\lib\site-packages\django_filters\filterset.py", line 242, in <listcomp>
    [(name, filter_.field) for name, filter_ in self.filters.items()]
  File "C:\Users\USER\.virtualenvs\DAGIIIz-mM3Hxqbw\lib\site-packages\django_filters\filters.py", line 149, in field
    self._field = self.field_class(label=self.label, **field_kwargs)
  File "C:\Users\USER\.virtualenvs\DAGIIIz-mM3Hxqbw\lib\site-packages\django_filters\fields.py", line 278, in __init__
    super().__init__(*args, **kwargs)
  File "C:\Users\USER\.virtualenvs\DAGIIIz-mM3Hxqbw\lib\site-packages\django_filters\fields.py", line 258, in __init__
    super().__init__(*args, **kwargs)
  File "C:\Users\USER\.virtualenvs\DAGIIIz-mM3Hxqbw\lib\site-packages\django\forms\fields.py", line 895, in __init__
    self.choices = choices
  File "C:\Users\USER\.virtualenvs\DAGIIIz-mM3Hxqbw\lib\site-packages\django_filters\fields.py", line 264, in _set_choices
    super()._set_choices(value)
AttributeError: 'super' object has no attribute '_set_choices'
Internal Server Error: /api/tables/tables/
Traceback (most recent call last):
  File "C:\Users\USER\.virtualenvs\DAGIIIz-mM3Hxqbw\lib\site-packages\django\core\handlers\exception.py", line 55, in inner
    response = get_response(request)
  File "C:\Users\USER\.virtualenvs\DAGIIIz-mM3Hxqbw\lib\site-packages\django\core\handlers\base.py", line 197, in _get_response
    response = wrapped_callback(request, *callback_args, **callback_kwargs)
  File "C:\Users\USER\.virtualenvs\DAGIIIz-mM3Hxqbw\lib\site-packages\django\views\decorators\csrf.py", line 65, in _view_wrapper
    return view_func(request, *args, **kwargs)
  File "C:\Users\USER\.virtualenvs\DAGIIIz-mM3Hxqbw\lib\site-packages\rest_framework\viewsets.py", line 125, in view
    return self.dispatch(request, *args, **kwargs)
  File "C:\Users\USER\.virtualenvs\DAGIIIz-mM3Hxqbw\lib\site-packages\rest_framework\views.py", line 509, in dispatch
    response = self.handle_exception(exc)
  File "C:\Users\USER\.virtualenvs\DAGIIIz-mM3Hxqbw\lib\site-packages\rest_framework\views.py", line 469, in handle_exception
    self.raise_uncaught_exception(exc)
  File "C:\Users\USER\.virtualenvs\DAGIIIz-mM3Hxqbw\lib\site-packages\rest_framework\views.py", line 480, in raise_uncaught_exception
    raise exc
  File "C:\Users\USER\.virtualenvs\DAGIIIz-mM3Hxqbw\lib\site-packages\rest_framework\views.py", line 506, in dispatch
    response = handler(request, *args, **kwargs)
  File "C:\Users\USER\.virtualenvs\DAGIIIz-mM3Hxqbw\lib\site-packages\rest_framework\mixins.py", line 38, in list
    queryset = self.filter_queryset(self.get_queryset())
  File "C:\Users\USER\.virtualenvs\DAGIIIz-mM3Hxqbw\lib\site-packages\rest_framework\generics.py", line 150, in filter_queryset
    queryset = backend().filter_queryset(self.request, queryset, self)
  File "C:\Users\USER\.virtualenvs\DAGIIIz-mM3Hxqbw\lib\site-packages\django_filters\rest_framework\backends.py", line 72, in filter_queryset
    if not filterset.is_valid() and self.raise_exception:
  File "C:\Users\USER\.virtualenvs\DAGIIIz-mM3Hxqbw\lib\site-packages\django_filters\filterset.py", line 195, in is_valid
    return self.is_bound and self.form.is_valid()
  File "C:\Users\USER\.virtualenvs\DAGIIIz-mM3Hxqbw\lib\site-packages\django_filters\rest_framework\filterset.py", line 26, in form
    form = super().form
  File "C:\Users\USER\.virtualenvs\DAGIIIz-mM3Hxqbw\lib\site-packages\django_filters\filterset.py", line 250, in form
    Form = self.get_form_class()
  File "C:\Users\USER\.virtualenvs\DAGIIIz-mM3Hxqbw\lib\site-packages\django_filters\filterset.py", line 242, in get_form_class
    [(name, filter_.field) for name, filter_ in self.filters.items()]
  File "C:\Users\USER\.virtualenvs\DAGIIIz-mM3Hxqbw\lib\site-packages\django_filters\filterset.py", line 242, in <listcomp>
    [(name, filter_.field) for name, filter_ in self.filters.items()]
  File "C:\Users\USER\.virtualenvs\DAGIIIz-mM3Hxqbw\lib\site-packages\django_filters\filters.py", line 149, in field
    self._field = self.field_class(label=self.label, **field_kwargs)
  File "C:\Users\USER\.virtualenvs\DAGIIIz-mM3Hxqbw\lib\site-packages\django_filters\fields.py", line 278, in __init__
    super().__init__(*args, **kwargs)
  File "C:\Users\USER\.virtualenvs\DAGIIIz-mM3Hxqbw\lib\site-packages\django_filters\fields.py", line 258, in __init__
    super().__init__(*args, **kwargs)
  File "C:\Users\USER\.virtualenvs\DAGIIIz-mM3Hxqbw\lib\site-packages\django\forms\fields.py", line 895, in __init__
    self.choices = choices
  File "C:\Users\USER\.virtualenvs\DAGIIIz-mM3Hxqbw\lib\site-packages\django_filters\fields.py", line 264, in _set_choices
    super()._set_choices(value)
AttributeError: 'super' object has no attribute '_set_choices'
Internal Server Error: /api/tables/tables/
Traceback (most recent call last):
  File "C:\Users\USER\.virtualenvs\DAGIIIz-mM3Hxqbw\lib\site-packages\django\core\handlers\exception.py", line 55, in inner
    response = get_response(request)
  File "C:\Users\USER\.virtualenvs\DAGIIIz-mM3Hxqbw\lib\site-packages\django\core\handlers\base.py", line 197, in _get_response
    response = wrapped_callback(request, *callback_args, **callback_kwargs)
  File "C:\Users\USER\.virtualenvs\DAGIIIz-mM3Hxqbw\lib\site-packages\django\views\decorators\csrf.py", line 65, in _view_wrapper
    return view_func(request, *args, **kwargs)
  File "C:\Users\USER\.virtualenvs\DAGIIIz-mM3Hxqbw\lib\site-packages\rest_framework\viewsets.py", line 125, in view
    return self.dispatch(request, *args, **kwargs)
  File "C:\Users\USER\.virtualenvs\DAGIIIz-mM3Hxqbw\lib\site-packages\rest_framework\views.py", line 509, in dispatch
    response = self.handle_exception(exc)
  File "C:\Users\USER\.virtualenvs\DAGIIIz-mM3Hxqbw\lib\site-packages\rest_framework\views.py", line 469, in handle_exception
    self.raise_uncaught_exception(exc)
  File "C:\Users\USER\.virtualenvs\DAGIIIz-mM3Hxqbw\lib\site-packages\rest_framework\views.py", line 480, in raise_uncaught_exception
    raise exc
  File "C:\Users\USER\.virtualenvs\DAGIIIz-mM3Hxqbw\lib\site-packages\rest_framework\views.py", line 506, in dispatch
    response = handler(request, *args, **kwargs)
  File "C:\Users\USER\.virtualenvs\DAGIIIz-mM3Hxqbw\lib\site-packages\rest_framework\mixins.py", line 38, in list
    queryset = self.filter_queryset(self.get_queryset())
  File "C:\Users\USER\.virtualenvs\DAGIIIz-mM3Hxqbw\lib\site-packages\rest_framework\generics.py", line 150, in filter_queryset
    queryset = backend().filter_queryset(self.request, queryset, self)
  File "C:\Users\USER\.virtualenvs\DAGIIIz-mM3Hxqbw\lib\site-packages\django_filters\rest_framework\backends.py", line 72, in filter_queryset
    if not filterset.is_valid() and self.raise_exception:
  File "C:\Users\USER\.virtualenvs\DAGIIIz-mM3Hxqbw\lib\site-packages\django_filters\filterset.py", line 195, in is_valid
    return self.is_bound and self.form.is_valid()
  File "C:\Users\USER\.virtualenvs\DAGIIIz-mM3Hxqbw\lib\site-packages\django_filters\rest_framework\filterset.py", line 26, in form
    form = super().form
  File "C:\Users\USER\.virtualenvs\DAGIIIz-mM3Hxqbw\lib\site-packages\django_filters\filterset.py", line 250, in form
    Form = self.get_form_class()
  File "C:\Users\USER\.virtualenvs\DAGIIIz-mM3Hxqbw\lib\site-packages\django_filters\filterset.py", line 242, in get_form_class
    [(name, filter_.field) for name, filter_ in self.filters.items()]
  File "C:\Users\USER\.virtualenvs\DAGIIIz-mM3Hxqbw\lib\site-packages\django_filters\filterset.py", line 242, in <listcomp>
    [(name, filter_.field) for name, filter_ in self.filters.items()]
  File "C:\Users\USER\.virtualenvs\DAGIIIz-mM3Hxqbw\lib\site-packages\django_filters\filters.py", line 149, in field
    self._field = self.field_class(label=self.label, **field_kwargs)
  File "C:\Users\USER\.virtualenvs\DAGIIIz-mM3Hxqbw\lib\site-packages\django_filters\fields.py", line 278, in __init__
    super().__init__(*args, **kwargs)
  File "C:\Users\USER\.virtualenvs\DAGIIIz-mM3Hxqbw\lib\site-packages\django_filters\fields.py", line 258, in __init__
    super().__init__(*args, **kwargs)
  File "C:\Users\USER\.virtualenvs\DAGIIIz-mM3Hxqbw\lib\site-packages\django\forms\fields.py", line 895, in __init__
    self.choices = choices
  File "C:\Users\USER\.virtualenvs\DAGIIIz-mM3Hxqbw\lib\site-packages\django_filters\fields.py", line 264, in _set_choices
    super()._set_choices(value)
AttributeError: 'super' object has no attribute '_set_choices'
Internal Server Error: /api/tables/tables/
Traceback (most recent call last):
  File "C:\Users\USER\.virtualenvs\DAGIIIz-mM3Hxqbw\lib\site-packages\django\core\handlers\exception.py", line 55, in inner
    response = get_response(request)
  File "C:\Users\USER\.virtualenvs\DAGIIIz-mM3Hxqbw\lib\site-packages\django\core\handlers\base.py", line 197, in _get_response
    response = wrapped_callback(request, *callback_args, **callback_kwargs)
  File "C:\Users\USER\.virtualenvs\DAGIIIz-mM3Hxqbw\lib\site-packages\django\views\decorators\csrf.py", line 65, in _view_wrapper
    return view_func(request, *args, **kwargs)
  File "C:\Users\USER\.virtualenvs\DAGIIIz-mM3Hxqbw\lib\site-packages\rest_framework\viewsets.py", line 125, in view
    return self.dispatch(request, *args, **kwargs)
  File "C:\Users\USER\.virtualenvs\DAGIIIz-mM3Hxqbw\lib\site-packages\rest_framework\views.py", line 509, in dispatch
    response = self.handle_exception(exc)
  File "C:\Users\USER\.virtualenvs\DAGIIIz-mM3Hxqbw\lib\site-packages\rest_framework\views.py", line 469, in handle_exception
    self.raise_uncaught_exception(exc)
  File "C:\Users\USER\.virtualenvs\DAGIIIz-mM3Hxqbw\lib\site-packages\rest_framework\views.py", line 480, in raise_uncaught_exception
    raise exc
  File "C:\Users\USER\.virtualenvs\DAGIIIz-mM3Hxqbw\lib\site-packages\rest_framework\views.py", line 506, in dispatch
    response = handler(request, *args, **kwargs)
  File "C:\Users\USER\.virtualenvs\DAGIIIz-mM3Hxqbw\lib\site-packages\rest_framework\mixins.py", line 38, in list
    queryset = self.filter_queryset(self.get_queryset())
  File "C:\Users\USER\.virtualenvs\DAGIIIz-mM3Hxqbw\lib\site-packages\rest_framework\generics.py", line 150, in filter_queryset
    queryset = backend().filter_queryset(self.request, queryset, self)
  File "C:\Users\USER\.virtualenvs\DAGIIIz-mM3Hxqbw\lib\site-packages\django_filters\rest_framework\backends.py", line 72, in filter_queryset
    if not filterset.is_valid() and self.raise_exception:
  File "C:\Users\USER\.virtualenvs\DAGIIIz-mM3Hxqbw\lib\site-packages\django_filters\filterset.py", line 195, in is_valid
    return self.is_bound and self.form.is_valid()
  File "C:\Users\USER\.virtualenvs\DAGIIIz-mM3Hxqbw\lib\site-packages\django_filters\rest_framework\filterset.py", line 26, in form
    form = super().form
  File "C:\Users\USER\.virtualenvs\DAGIIIz-mM3Hxqbw\lib\site-packages\django_filters\filterset.py", line 250, in form
    Form = self.get_form_class()
  File "C:\Users\USER\.virtualenvs\DAGIIIz-mM3Hxqbw\lib\site-packages\django_filters\filterset.py", line 242, in get_form_class
    [(name, filter_.field) for name, filter_ in self.filters.items()]
  File "C:\Users\USER\.virtualenvs\DAGIIIz-mM3Hxqbw\lib\site-packages\django_filters\filterset.py", line 242, in <listcomp>
    [(name, filter_.field) for name, filter_ in self.filters.items()]
  File "C:\Users\USER\.virtualenvs\DAGIIIz-mM3Hxqbw\lib\site-packages\django_filters\filters.py", line 149, in field
    self._field = self.field_class(label=self.label, **field_kwargs)
  File "C:\Users\USER\.virtualenvs\DAGIIIz-mM3Hxqbw\lib\site-packages\django_filters\fields.py", line 278, in __init__
    super().__init__(*args, **kwargs)
  File "C:\Users\USER\.virtualenvs\DAGIIIz-mM3Hxqbw\lib\site-packages\django_filters\fields.py", line 258, in __init__
    super().__init__(*args, **kwargs)
  File "C:\Users\USER\.virtualenvs\DAGIIIz-mM3Hxqbw\lib\site-packages\django\forms\fields.py", line 895, in __init__
    self.choices = choices
  File "C:\Users\USER\.virtualenvs\DAGIIIz-mM3Hxqbw\lib\site-packages\django_filters\fields.py", line 264, in _set_choices
    super()._set_choices(value)
AttributeError: 'super' object has no attribute '_set_choices'
Internal Server Error: /api/tables/tables/
Traceback (most recent call last):
  File "C:\Users\USER\.virtualenvs\DAGIIIz-mM3Hxqbw\lib\site-packages\django\core\handlers\exception.py", line 55, in inner
    response = get_response(request)
  File "C:\Users\USER\.virtualenvs\DAGIIIz-mM3Hxqbw\lib\site-packages\django\core\handlers\base.py", line 197, in _get_response
    response = wrapped_callback(request, *callback_args, **callback_kwargs)
  File "C:\Users\USER\.virtualenvs\DAGIIIz-mM3Hxqbw\lib\site-packages\django\views\decorators\csrf.py", line 65, in _view_wrapper
    return view_func(request, *args, **kwargs)
  File "C:\Users\USER\.virtualenvs\DAGIIIz-mM3Hxqbw\lib\site-packages\rest_framework\viewsets.py", line 125, in view
    return self.dispatch(request, *args, **kwargs)
  File "C:\Users\USER\.virtualenvs\DAGIIIz-mM3Hxqbw\lib\site-packages\rest_framework\views.py", line 509, in dispatch
    response = self.handle_exception(exc)
  File "C:\Users\USER\.virtualenvs\DAGIIIz-mM3Hxqbw\lib\site-packages\rest_framework\views.py", line 469, in handle_exception
    self.raise_uncaught_exception(exc)
  File "C:\Users\USER\.virtualenvs\DAGIIIz-mM3Hxqbw\lib\site-packages\rest_framework\views.py", line 480, in raise_uncaught_exception
    raise exc
  File "C:\Users\USER\.virtualenvs\DAGIIIz-mM3Hxqbw\lib\site-packages\rest_framework\views.py", line 506, in dispatch
    response = handler(request, *args, **kwargs)
  File "C:\Users\USER\.virtualenvs\DAGIIIz-mM3Hxqbw\lib\site-packages\rest_framework\mixins.py", line 38, in list
    queryset = self.filter_queryset(self.get_queryset())
  File "C:\Users\USER\.virtualenvs\DAGIIIz-mM3Hxqbw\lib\site-packages\rest_framework\generics.py", line 150, in filter_queryset
    queryset = backend().filter_queryset(self.request, queryset, self)
  File "C:\Users\USER\.virtualenvs\DAGIIIz-mM3Hxqbw\lib\site-packages\django_filters\rest_framework\backends.py", line 72, in filter_queryset
    if not filterset.is_valid() and self.raise_exception:
  File "C:\Users\USER\.virtualenvs\DAGIIIz-mM3Hxqbw\lib\site-packages\django_filters\filterset.py", line 195, in is_valid
    return self.is_bound and self.form.is_valid()
  File "C:\Users\USER\.virtualenvs\DAGIIIz-mM3Hxqbw\lib\site-packages\django_filters\rest_framework\filterset.py", line 26, in form
    form = super().form
  File "C:\Users\USER\.virtualenvs\DAGIIIz-mM3Hxqbw\lib\site-packages\django_filters\filterset.py", line 250, in form
    Form = self.get_form_class()
  File "C:\Users\USER\.virtualenvs\DAGIIIz-mM3Hxqbw\lib\site-packages\django_filters\filterset.py", line 242, in get_form_class
    [(name, filter_.field) for name, filter_ in self.filters.items()]
  File "C:\Users\USER\.virtualenvs\DAGIIIz-mM3Hxqbw\lib\site-packages\django_filters\filterset.py", line 242, in <listcomp>
    [(name, filter_.field) for name, filter_ in self.filters.items()]
  File "C:\Users\USER\.virtualenvs\DAGIIIz-mM3Hxqbw\lib\site-packages\django_filters\filters.py", line 149, in field
    self._field = self.field_class(label=self.label, **field_kwargs)
  File "C:\Users\USER\.virtualenvs\DAGIIIz-mM3Hxqbw\lib\site-packages\django_filters\fields.py", line 278, in __init__
    super().__init__(*args, **kwargs)
  File "C:\Users\USER\.virtualenvs\DAGIIIz-mM3Hxqbw\lib\site-packages\django_filters\fields.py", line 258, in __init__
    super().__init__(*args, **kwargs)
  File "C:\Users\USER\.virtualenvs\DAGIIIz-mM3Hxqbw\lib\site-packages\django\forms\fields.py", line 895, in __init__
    self.choices = choices
  File "C:\Users\USER\.virtualenvs\DAGIIIz-mM3Hxqbw\lib\site-packages\django_filters\fields.py", line 264, in _set_choices
    super()._set_choices(value)
AttributeError: 'super' object has no attribute '_set_choices'
Internal Server Error: /api/tables/tables/
Traceback (most recent call last):
  File "C:\Users\USER\.virtualenvs\DAGIIIz-mM3Hxqbw\lib\site-packages\django\core\handlers\exception.py", line 55, in inner
    response = get_response(request)
  File "C:\Users\USER\.virtualenvs\DAGIIIz-mM3Hxqbw\lib\site-packages\django\core\handlers\base.py", line 197, in _get_response
    response = wrapped_callback(request, *callback_args, **callback_kwargs)
  File "C:\Users\USER\.virtualenvs\DAGIIIz-mM3Hxqbw\lib\site-packages\django\views\decorators\csrf.py", line 65, in _view_wrapper
    return view_func(request, *args, **kwargs)
  File "C:\Users\USER\.virtualenvs\DAGIIIz-mM3Hxqbw\lib\site-packages\rest_framework\viewsets.py", line 125, in view
    return self.dispatch(request, *args, **kwargs)
  File "C:\Users\USER\.virtualenvs\DAGIIIz-mM3Hxqbw\lib\site-packages\rest_framework\views.py", line 509, in dispatch
    response = self.handle_exception(exc)
  File "C:\Users\USER\.virtualenvs\DAGIIIz-mM3Hxqbw\lib\site-packages\rest_framework\views.py", line 469, in handle_exception
    self.raise_uncaught_exception(exc)
  File "C:\Users\USER\.virtualenvs\DAGIIIz-mM3Hxqbw\lib\site-packages\rest_framework\views.py", line 480, in raise_uncaught_exception
    raise exc
  File "C:\Users\USER\.virtualenvs\DAGIIIz-mM3Hxqbw\lib\site-packages\rest_framework\views.py", line 506, in dispatch
    response = handler(request, *args, **kwargs)
  File "C:\Users\USER\.virtualenvs\DAGIIIz-mM3Hxqbw\lib\site-packages\rest_framework\mixins.py", line 38, in list
    queryset = self.filter_queryset(self.get_queryset())
  File "C:\Users\USER\.virtualenvs\DAGIIIz-mM3Hxqbw\lib\site-packages\rest_framework\generics.py", line 150, in filter_queryset
    queryset = backend().filter_queryset(self.request, queryset, self)
  File "C:\Users\USER\.virtualenvs\DAGIIIz-mM3Hxqbw\lib\site-packages\django_filters\rest_framework\backends.py", line 72, in filter_queryset
    if not filterset.is_valid() and self.raise_exception:
  File "C:\Users\USER\.virtualenvs\DAGIIIz-mM3Hxqbw\lib\site-packages\django_filters\filterset.py", line 195, in is_valid
    return self.is_bound and self.form.is_valid()
  File "C:\Users\USER\.virtualenvs\DAGIIIz-mM3Hxqbw\lib\site-packages\django_filters\rest_framework\filterset.py", line 26, in form
    form = super().form
  File "C:\Users\USER\.virtualenvs\DAGIIIz-mM3Hxqbw\lib\site-packages\django_filters\filterset.py", line 250, in form
    Form = self.get_form_class()
  File "C:\Users\USER\.virtualenvs\DAGIIIz-mM3Hxqbw\lib\site-packages\django_filters\filterset.py", line 242, in get_form_class
    [(name, filter_.field) for name, filter_ in self.filters.items()]
  File "C:\Users\USER\.virtualenvs\DAGIIIz-mM3Hxqbw\lib\site-packages\django_filters\filterset.py", line 242, in <listcomp>
    [(name, filter_.field) for name, filter_ in self.filters.items()]
  File "C:\Users\USER\.virtualenvs\DAGIIIz-mM3Hxqbw\lib\site-packages\django_filters\filters.py", line 149, in field
    self._field = self.field_class(label=self.label, **field_kwargs)
  File "C:\Users\USER\.virtualenvs\DAGIIIz-mM3Hxqbw\lib\site-packages\django_filters\fields.py", line 278, in __init__
    super().__init__(*args, **kwargs)
  File "C:\Users\USER\.virtualenvs\DAGIIIz-mM3Hxqbw\lib\site-packages\django_filters\fields.py", line 258, in __init__
    super().__init__(*args, **kwargs)
  File "C:\Users\USER\.virtualenvs\DAGIIIz-mM3Hxqbw\lib\site-packages\django\forms\fields.py", line 895, in __init__
    self.choices = choices
  File "C:\Users\USER\.virtualenvs\DAGIIIz-mM3Hxqbw\lib\site-packages\django_filters\fields.py", line 264, in _set_choices
    super()._set_choices(value)
AttributeError: 'super' object has no attribute '_set_choices'
Internal Server Error: /api/tables/tables/
Traceback (most recent call last):
  File "C:\Users\USER\.virtualenvs\DAGIIIz-mM3Hxqbw\lib\site-packages\django\core\handlers\exception.py", line 55, in inner
    response = get_response(request)
  File "C:\Users\USER\.virtualenvs\DAGIIIz-mM3Hxqbw\lib\site-packages\django\core\handlers\base.py", line 197, in _get_response
    response = wrapped_callback(request, *callback_args, **callback_kwargs)
  File "C:\Users\USER\.virtualenvs\DAGIIIz-mM3Hxqbw\lib\site-packages\django\views\decorators\csrf.py", line 65, in _view_wrapper
    return view_func(request, *args, **kwargs)
  File "C:\Users\USER\.virtualenvs\DAGIIIz-mM3Hxqbw\lib\site-packages\rest_framework\viewsets.py", line 125, in view
    return self.dispatch(request, *args, **kwargs)
  File "C:\Users\USER\.virtualenvs\DAGIIIz-mM3Hxqbw\lib\site-packages\rest_framework\views.py", line 509, in dispatch
    response = self.handle_exception(exc)
  File "C:\Users\USER\.virtualenvs\DAGIIIz-mM3Hxqbw\lib\site-packages\rest_framework\views.py", line 469, in handle_exception
    self.raise_uncaught_exception(exc)
  File "C:\Users\USER\.virtualenvs\DAGIIIz-mM3Hxqbw\lib\site-packages\rest_framework\views.py", line 480, in raise_uncaught_exception
    raise exc
  File "C:\Users\USER\.virtualenvs\DAGIIIz-mM3Hxqbw\lib\site-packages\rest_framework\views.py", line 506, in dispatch
    response = handler(request, *args, **kwargs)
  File "C:\Users\USER\.virtualenvs\DAGIIIz-mM3Hxqbw\lib\site-packages\rest_framework\mixins.py", line 38, in list
    queryset = self.filter_queryset(self.get_queryset())
  File "C:\Users\USER\.virtualenvs\DAGIIIz-mM3Hxqbw\lib\site-packages\rest_framework\generics.py", line 150, in filter_queryset
    queryset = backend().filter_queryset(self.request, queryset, self)
  File "C:\Users\USER\.virtualenvs\DAGIIIz-mM3Hxqbw\lib\site-packages\django_filters\rest_framework\backends.py", line 72, in filter_queryset
    if not filterset.is_valid() and self.raise_exception:
  File "C:\Users\USER\.virtualenvs\DAGIIIz-mM3Hxqbw\lib\site-packages\django_filters\filterset.py", line 195, in is_valid
    return self.is_bound and self.form.is_valid()
  File "C:\Users\USER\.virtualenvs\DAGIIIz-mM3Hxqbw\lib\site-packages\django_filters\rest_framework\filterset.py", line 26, in form
    form = super().form
  File "C:\Users\USER\.virtualenvs\DAGIIIz-mM3Hxqbw\lib\site-packages\django_filters\filterset.py", line 250, in form
    Form = self.get_form_class()
  File "C:\Users\USER\.virtualenvs\DAGIIIz-mM3Hxqbw\lib\site-packages\django_filters\filterset.py", line 242, in get_form_class
    [(name, filter_.field) for name, filter_ in self.filters.items()]
  File "C:\Users\USER\.virtualenvs\DAGIIIz-mM3Hxqbw\lib\site-packages\django_filters\filterset.py", line 242, in <listcomp>
    [(name, filter_.field) for name, filter_ in self.filters.items()]
  File "C:\Users\USER\.virtualenvs\DAGIIIz-mM3Hxqbw\lib\site-packages\django_filters\filters.py", line 149, in field
    self._field = self.field_class(label=self.label, **field_kwargs)
  File "C:\Users\USER\.virtualenvs\DAGIIIz-mM3Hxqbw\lib\site-packages\django_filters\fields.py", line 278, in __init__
    super().__init__(*args, **kwargs)
  File "C:\Users\USER\.virtualenvs\DAGIIIz-mM3Hxqbw\lib\site-packages\django_filters\fields.py", line 258, in __init__
    super().__init__(*args, **kwargs)
  File "C:\Users\USER\.virtualenvs\DAGIIIz-mM3Hxqbw\lib\site-packages\django\forms\fields.py", line 895, in __init__
    self.choices = choices
  File "C:\Users\USER\.virtualenvs\DAGIIIz-mM3Hxqbw\lib\site-packages\django_filters\fields.py", line 264, in _set_choices
    super()._set_choices(value)
AttributeError: 'super' object has no attribute '_set_choices'
C:\Users\USER\DAGIIIz\eco\res\res3\ROS\tables\views.py changed, reloading.
Watching for file changes with StatReloader
C:\Users\USER\DAGIIIz\eco\res\res3\ROS\tables\views.py changed, reloading.
Watching for file changes with StatReloader
C:\Users\USER\DAGIIIz\eco\res\res3\ROS\tables\views.py changed, reloading.
Watching for file changes with StatReloader
Forbidden: /api/tables/orders/
Forbidden: /api/tables/orders/
Forbidden: /api/tables/orders/pending_confirmation/
Watching for file changes with StatReloader
Forbidden: /api/tables/orders/
Watching for file changes with StatReloader
Watching for file changes with StatReloader
Watching for file changes with StatReloader
Watching for file changes with StatReloader
Not Found: /favicon.ico
Not Found: /favicon.ico
Watching for file changes with StatReloader
Not Found: /favicon.ico
C:\Users\USER\DAGIIIz\eco\res\res3\ROS\accounts\admin.py changed, reloading.
Watching for file changes with StatReloader
Internal Server Error: /admin/accounts/customuser/
Traceback (most recent call last):
  File "C:\Users\USER\.virtualenvs\DAGIIIz-mM3Hxqbw\lib\site-packages\django\db\backends\utils.py", line 105, in _execute
    return self.cursor.execute(sql, params)
  File "C:\Users\USER\.virtualenvs\DAGIIIz-mM3Hxqbw\lib\site-packages\django\db\backends\sqlite3\base.py", line 360, in execute
    return super().execute(query, params)
sqlite3.OperationalError: no such table: admin_panel_staffperformance

The above exception was the direct cause of the following exception:

Traceback (most recent call last):
  File "C:\Users\USER\.virtualenvs\DAGIIIz-mM3Hxqbw\lib\site-packages\django\core\handlers\exception.py", line 55, in inner
    response = get_response(request)
  File "C:\Users\USER\.virtualenvs\DAGIIIz-mM3Hxqbw\lib\site-packages\django\core\handlers\base.py", line 197, in _get_response
    response = wrapped_callback(request, *callback_args, **callback_kwargs)
  File "C:\Users\USER\.virtualenvs\DAGIIIz-mM3Hxqbw\lib\site-packages\django\contrib\admin\options.py", line 719, in wrapper
    return self.admin_site.admin_view(view)(*args, **kwargs)
  File "C:\Users\USER\.virtualenvs\DAGIIIz-mM3Hxqbw\lib\site-packages\django\utils\decorators.py", line 192, in _view_wrapper
    result = _process_exception(request, e)
  File "C:\Users\USER\.virtualenvs\DAGIIIz-mM3Hxqbw\lib\site-packages\django\utils\decorators.py", line 190, in _view_wrapper
    response = view_func(request, *args, **kwargs)
  File "C:\Users\USER\.virtualenvs\DAGIIIz-mM3Hxqbw\lib\site-packages\django\views\decorators\cache.py", line 80, in _view_wrapper
    response = view_func(request, *args, **kwargs)
  File "C:\Users\USER\.virtualenvs\DAGIIIz-mM3Hxqbw\lib\site-packages\django\contrib\admin\sites.py", line 246, in inner
    return view(request, *args, **kwargs)
  File "C:\Users\USER\.virtualenvs\DAGIIIz-mM3Hxqbw\lib\site-packages\django\utils\decorators.py", line 48, in _wrapper
    return bound_method(*args, **kwargs)
  File "C:\Users\USER\.virtualenvs\DAGIIIz-mM3Hxqbw\lib\site-packages\django\utils\decorators.py", line 192, in _view_wrapper
    result = _process_exception(request, e)
  File "C:\Users\USER\.virtualenvs\DAGIIIz-mM3Hxqbw\lib\site-packages\django\utils\decorators.py", line 190, in _view_wrapper
    response = view_func(request, *args, **kwargs)
  File "C:\Users\USER\.virtualenvs\DAGIIIz-mM3Hxqbw\lib\site-packages\django\contrib\admin\options.py", line 2057, in changelist_view
    response = self.response_action(
  File "C:\Users\USER\.virtualenvs\DAGIIIz-mM3Hxqbw\lib\site-packages\django\contrib\admin\options.py", line 1686, in response_action
    response = func(self, request, queryset)
  File "C:\Users\USER\.virtualenvs\DAGIIIz-mM3Hxqbw\lib\site-packages\django\contrib\admin\actions.py", line 39, in delete_selected
    ) = modeladmin.get_deleted_objects(queryset, request)
  File "C:\Users\USER\.virtualenvs\DAGIIIz-mM3Hxqbw\lib\site-packages\django\contrib\admin\options.py", line 2199, in get_deleted_objects
    return get_deleted_objects(objs, request, self.admin_site)
  File "C:\Users\USER\.virtualenvs\DAGIIIz-mM3Hxqbw\lib\site-packages\django\contrib\admin\utils.py", line 138, in get_deleted_objects
    collector.collect(objs)
  File "C:\Users\USER\.virtualenvs\DAGIIIz-mM3Hxqbw\lib\site-packages\django\contrib\admin\utils.py", line 205, in collect
    return super().collect(objs, source_attr=source_attr, **kwargs)
  File "C:\Users\USER\.virtualenvs\DAGIIIz-mM3Hxqbw\lib\site-packages\django\db\models\deletion.py", line 343, in collect
    if getattr(on_delete, "lazy_sub_objs", False) or sub_objs:
  File "C:\Users\USER\.virtualenvs\DAGIIIz-mM3Hxqbw\lib\site-packages\django\db\models\query.py", line 398, in __bool__
    self._fetch_all()
  File "C:\Users\USER\.virtualenvs\DAGIIIz-mM3Hxqbw\lib\site-packages\django\db\models\query.py", line 1945, in _fetch_all
    self._result_cache = list(self._iterable_class(self))
  File "C:\Users\USER\.virtualenvs\DAGIIIz-mM3Hxqbw\lib\site-packages\django\db\models\query.py", line 91, in __iter__
    results = compiler.execute_sql(
  File "C:\Users\USER\.virtualenvs\DAGIIIz-mM3Hxqbw\lib\site-packages\django\db\models\sql\compiler.py", line 1623, in execute_sql
    cursor.execute(sql, params)
  File "C:\Users\USER\.virtualenvs\DAGIIIz-mM3Hxqbw\lib\site-packages\django\db\backends\utils.py", line 122, in execute
    return super().execute(sql, params)
  File "C:\Users\USER\.virtualenvs\DAGIIIz-mM3Hxqbw\lib\site-packages\django\db\backends\utils.py", line 79, in execute
    return self._execute_with_wrappers(
  File "C:\Users\USER\.virtualenvs\DAGIIIz-mM3Hxqbw\lib\site-packages\django\db\backends\utils.py", line 92, in _execute_with_wrappers
    return executor(sql, params, many, context)
  File "C:\Users\USER\.virtualenvs\DAGIIIz-mM3Hxqbw\lib\site-packages\django\db\backends\utils.py", line 100, in _execute
    with self.db.wrap_database_errors:
  File "C:\Users\USER\.virtualenvs\DAGIIIz-mM3Hxqbw\lib\site-packages\django\db\utils.py", line 91, in __exit__
    raise dj_exc_value.with_traceback(traceback) from exc_value
  File "C:\Users\USER\.virtualenvs\DAGIIIz-mM3Hxqbw\lib\site-packages\django\db\backends\utils.py", line 105, in _execute
    return self.cursor.execute(sql, params)
  File "C:\Users\USER\.virtualenvs\DAGIIIz-mM3Hxqbw\lib\site-packages\django\db\backends\sqlite3\base.py", line 360, in execute
    return super().execute(query, params)
django.db.utils.OperationalError: no such table: admin_panel_staffperformance
Internal Server Error: /admin/accounts/customuser/
Traceback (most recent call last):
  File "C:\Users\USER\.virtualenvs\DAGIIIz-mM3Hxqbw\lib\site-packages\django\db\backends\utils.py", line 105, in _execute
    return self.cursor.execute(sql, params)
  File "C:\Users\USER\.virtualenvs\DAGIIIz-mM3Hxqbw\lib\site-packages\django\db\backends\sqlite3\base.py", line 360, in execute
    return super().execute(query, params)
sqlite3.OperationalError: no such table: admin_panel_staffperformance

The above exception was the direct cause of the following exception:

Traceback (most recent call last):
  File "C:\Users\USER\.virtualenvs\DAGIIIz-mM3Hxqbw\lib\site-packages\django\core\handlers\exception.py", line 55, in inner
    response = get_response(request)
  File "C:\Users\USER\.virtualenvs\DAGIIIz-mM3Hxqbw\lib\site-packages\django\core\handlers\base.py", line 197, in _get_response
    response = wrapped_callback(request, *callback_args, **callback_kwargs)
  File "C:\Users\USER\.virtualenvs\DAGIIIz-mM3Hxqbw\lib\site-packages\django\contrib\admin\options.py", line 719, in wrapper
    return self.admin_site.admin_view(view)(*args, **kwargs)
  File "C:\Users\USER\.virtualenvs\DAGIIIz-mM3Hxqbw\lib\site-packages\django\utils\decorators.py", line 192, in _view_wrapper
    result = _process_exception(request, e)
  File "C:\Users\USER\.virtualenvs\DAGIIIz-mM3Hxqbw\lib\site-packages\django\utils\decorators.py", line 190, in _view_wrapper
    response = view_func(request, *args, **kwargs)
  File "C:\Users\USER\.virtualenvs\DAGIIIz-mM3Hxqbw\lib\site-packages\django\views\decorators\cache.py", line 80, in _view_wrapper
    response = view_func(request, *args, **kwargs)
  File "C:\Users\USER\.virtualenvs\DAGIIIz-mM3Hxqbw\lib\site-packages\django\contrib\admin\sites.py", line 246, in inner
    return view(request, *args, **kwargs)
  File "C:\Users\USER\.virtualenvs\DAGIIIz-mM3Hxqbw\lib\site-packages\django\utils\decorators.py", line 48, in _wrapper
    return bound_method(*args, **kwargs)
  File "C:\Users\USER\.virtualenvs\DAGIIIz-mM3Hxqbw\lib\site-packages\django\utils\decorators.py", line 192, in _view_wrapper
    result = _process_exception(request, e)
  File "C:\Users\USER\.virtualenvs\DAGIIIz-mM3Hxqbw\lib\site-packages\django\utils\decorators.py", line 190, in _view_wrapper
    response = view_func(request, *args, **kwargs)
  File "C:\Users\USER\.virtualenvs\DAGIIIz-mM3Hxqbw\lib\site-packages\django\contrib\admin\options.py", line 2057, in changelist_view
    response = self.response_action(
  File "C:\Users\USER\.virtualenvs\DAGIIIz-mM3Hxqbw\lib\site-packages\django\contrib\admin\options.py", line 1686, in response_action
    response = func(self, request, queryset)
  File "C:\Users\USER\.virtualenvs\DAGIIIz-mM3Hxqbw\lib\site-packages\django\contrib\admin\actions.py", line 39, in delete_selected
    ) = modeladmin.get_deleted_objects(queryset, request)
  File "C:\Users\USER\.virtualenvs\DAGIIIz-mM3Hxqbw\lib\site-packages\django\contrib\admin\options.py", line 2199, in get_deleted_objects
    return get_deleted_objects(objs, request, self.admin_site)
  File "C:\Users\USER\.virtualenvs\DAGIIIz-mM3Hxqbw\lib\site-packages\django\contrib\admin\utils.py", line 138, in get_deleted_objects
    collector.collect(objs)
  File "C:\Users\USER\.virtualenvs\DAGIIIz-mM3Hxqbw\lib\site-packages\django\contrib\admin\utils.py", line 205, in collect
    return super().collect(objs, source_attr=source_attr, **kwargs)
  File "C:\Users\USER\.virtualenvs\DAGIIIz-mM3Hxqbw\lib\site-packages\django\db\models\deletion.py", line 343, in collect
    if getattr(on_delete, "lazy_sub_objs", False) or sub_objs:
  File "C:\Users\USER\.virtualenvs\DAGIIIz-mM3Hxqbw\lib\site-packages\django\db\models\query.py", line 398, in __bool__
    self._fetch_all()
  File "C:\Users\USER\.virtualenvs\DAGIIIz-mM3Hxqbw\lib\site-packages\django\db\models\query.py", line 1945, in _fetch_all
    self._result_cache = list(self._iterable_class(self))
  File "C:\Users\USER\.virtualenvs\DAGIIIz-mM3Hxqbw\lib\site-packages\django\db\models\query.py", line 91, in __iter__
    results = compiler.execute_sql(
  File "C:\Users\USER\.virtualenvs\DAGIIIz-mM3Hxqbw\lib\site-packages\django\db\models\sql\compiler.py", line 1623, in execute_sql
    cursor.execute(sql, params)
  File "C:\Users\USER\.virtualenvs\DAGIIIz-mM3Hxqbw\lib\site-packages\django\db\backends\utils.py", line 122, in execute
    return super().execute(sql, params)
  File "C:\Users\USER\.virtualenvs\DAGIIIz-mM3Hxqbw\lib\site-packages\django\db\backends\utils.py", line 79, in execute
    return self._execute_with_wrappers(
  File "C:\Users\USER\.virtualenvs\DAGIIIz-mM3Hxqbw\lib\site-packages\django\db\backends\utils.py", line 92, in _execute_with_wrappers
    return executor(sql, params, many, context)
  File "C:\Users\USER\.virtualenvs\DAGIIIz-mM3Hxqbw\lib\site-packages\django\db\backends\utils.py", line 100, in _execute
    with self.db.wrap_database_errors:
  File "C:\Users\USER\.virtualenvs\DAGIIIz-mM3Hxqbw\lib\site-packages\django\db\utils.py", line 91, in __exit__
    raise dj_exc_value.with_traceback(traceback) from exc_value
  File "C:\Users\USER\.virtualenvs\DAGIIIz-mM3Hxqbw\lib\site-packages\django\db\backends\utils.py", line 105, in _execute
    return self.cursor.execute(sql, params)
  File "C:\Users\USER\.virtualenvs\DAGIIIz-mM3Hxqbw\lib\site-packages\django\db\backends\sqlite3\base.py", line 360, in execute
    return super().execute(query, params)
django.db.utils.OperationalError: no such table: admin_panel_staffperformance
Internal Server Error: /admin/accounts/customuser/
Traceback (most recent call last):
  File "C:\Users\USER\.virtualenvs\DAGIIIz-mM3Hxqbw\lib\site-packages\django\db\backends\utils.py", line 105, in _execute
    return self.cursor.execute(sql, params)
  File "C:\Users\USER\.virtualenvs\DAGIIIz-mM3Hxqbw\lib\site-packages\django\db\backends\sqlite3\base.py", line 360, in execute
    return super().execute(query, params)
sqlite3.OperationalError: no such table: admin_panel_staffperformance

The above exception was the direct cause of the following exception:

Traceback (most recent call last):
  File "C:\Users\USER\.virtualenvs\DAGIIIz-mM3Hxqbw\lib\site-packages\django\core\handlers\exception.py", line 55, in inner
    response = get_response(request)
  File "C:\Users\USER\.virtualenvs\DAGIIIz-mM3Hxqbw\lib\site-packages\django\core\handlers\base.py", line 197, in _get_response
    response = wrapped_callback(request, *callback_args, **callback_kwargs)
  File "C:\Users\USER\.virtualenvs\DAGIIIz-mM3Hxqbw\lib\site-packages\django\contrib\admin\options.py", line 719, in wrapper
    return self.admin_site.admin_view(view)(*args, **kwargs)
  File "C:\Users\USER\.virtualenvs\DAGIIIz-mM3Hxqbw\lib\site-packages\django\utils\decorators.py", line 192, in _view_wrapper
    result = _process_exception(request, e)
  File "C:\Users\USER\.virtualenvs\DAGIIIz-mM3Hxqbw\lib\site-packages\django\utils\decorators.py", line 190, in _view_wrapper
    response = view_func(request, *args, **kwargs)
  File "C:\Users\USER\.virtualenvs\DAGIIIz-mM3Hxqbw\lib\site-packages\django\views\decorators\cache.py", line 80, in _view_wrapper
    response = view_func(request, *args, **kwargs)
  File "C:\Users\USER\.virtualenvs\DAGIIIz-mM3Hxqbw\lib\site-packages\django\contrib\admin\sites.py", line 246, in inner
    return view(request, *args, **kwargs)
  File "C:\Users\USER\.virtualenvs\DAGIIIz-mM3Hxqbw\lib\site-packages\django\utils\decorators.py", line 48, in _wrapper
    return bound_method(*args, **kwargs)
  File "C:\Users\USER\.virtualenvs\DAGIIIz-mM3Hxqbw\lib\site-packages\django\utils\decorators.py", line 192, in _view_wrapper
    result = _process_exception(request, e)
  File "C:\Users\USER\.virtualenvs\DAGIIIz-mM3Hxqbw\lib\site-packages\django\utils\decorators.py", line 190, in _view_wrapper
    response = view_func(request, *args, **kwargs)
  File "C:\Users\USER\.virtualenvs\DAGIIIz-mM3Hxqbw\lib\site-packages\django\contrib\admin\options.py", line 2057, in changelist_view
    response = self.response_action(
  File "C:\Users\USER\.virtualenvs\DAGIIIz-mM3Hxqbw\lib\site-packages\django\contrib\admin\options.py", line 1686, in response_action
    response = func(self, request, queryset)
  File "C:\Users\USER\.virtualenvs\DAGIIIz-mM3Hxqbw\lib\site-packages\django\contrib\admin\actions.py", line 39, in delete_selected
    ) = modeladmin.get_deleted_objects(queryset, request)
  File "C:\Users\USER\.virtualenvs\DAGIIIz-mM3Hxqbw\lib\site-packages\django\contrib\admin\options.py", line 2199, in get_deleted_objects
    return get_deleted_objects(objs, request, self.admin_site)
  File "C:\Users\USER\.virtualenvs\DAGIIIz-mM3Hxqbw\lib\site-packages\django\contrib\admin\utils.py", line 138, in get_deleted_objects
    collector.collect(objs)
  File "C:\Users\USER\.virtualenvs\DAGIIIz-mM3Hxqbw\lib\site-packages\django\contrib\admin\utils.py", line 205, in collect
    return super().collect(objs, source_attr=source_attr, **kwargs)
  File "C:\Users\USER\.virtualenvs\DAGIIIz-mM3Hxqbw\lib\site-packages\django\db\models\deletion.py", line 343, in collect
    if getattr(on_delete, "lazy_sub_objs", False) or sub_objs:
  File "C:\Users\USER\.virtualenvs\DAGIIIz-mM3Hxqbw\lib\site-packages\django\db\models\query.py", line 398, in __bool__
    self._fetch_all()
  File "C:\Users\USER\.virtualenvs\DAGIIIz-mM3Hxqbw\lib\site-packages\django\db\models\query.py", line 1945, in _fetch_all
    self._result_cache = list(self._iterable_class(self))
  File "C:\Users\USER\.virtualenvs\DAGIIIz-mM3Hxqbw\lib\site-packages\django\db\models\query.py", line 91, in __iter__
    results = compiler.execute_sql(
  File "C:\Users\USER\.virtualenvs\DAGIIIz-mM3Hxqbw\lib\site-packages\django\db\models\sql\compiler.py", line 1623, in execute_sql
    cursor.execute(sql, params)
  File "C:\Users\USER\.virtualenvs\DAGIIIz-mM3Hxqbw\lib\site-packages\django\db\backends\utils.py", line 122, in execute
    return super().execute(sql, params)
  File "C:\Users\USER\.virtualenvs\DAGIIIz-mM3Hxqbw\lib\site-packages\django\db\backends\utils.py", line 79, in execute
    return self._execute_with_wrappers(
  File "C:\Users\USER\.virtualenvs\DAGIIIz-mM3Hxqbw\lib\site-packages\django\db\backends\utils.py", line 92, in _execute_with_wrappers
    return executor(sql, params, many, context)
  File "C:\Users\USER\.virtualenvs\DAGIIIz-mM3Hxqbw\lib\site-packages\django\db\backends\utils.py", line 100, in _execute
    with self.db.wrap_database_errors:
  File "C:\Users\USER\.virtualenvs\DAGIIIz-mM3Hxqbw\lib\site-packages\django\db\utils.py", line 91, in __exit__
    raise dj_exc_value.with_traceback(traceback) from exc_value
  File "C:\Users\USER\.virtualenvs\DAGIIIz-mM3Hxqbw\lib\site-packages\django\db\backends\utils.py", line 105, in _execute
    return self.cursor.execute(sql, params)
  File "C:\Users\USER\.virtualenvs\DAGIIIz-mM3Hxqbw\lib\site-packages\django\db\backends\sqlite3\base.py", line 360, in execute
    return super().execute(query, params)
django.db.utils.OperationalError: no such table: admin_panel_staffperformance
Watching for file changes with StatReloader
Watching for file changes with StatReloader
Not Found: /favicon.ico
Not Found: /favicon.ico
Forbidden: /api/auth/verify-token/
Forbidden: /api/auth/verify-token/
Unauthorized: /api/auth/login/
Unauthorized: /api/auth/verify-token/
Forbidden: /api/tables/orders/
Forbidden: /api/tables/orders/
Unauthorized: /api/auth/verify-token/
Watching for file changes with StatReloader
Unauthorized: /api/auth/verify-token/
Forbidden: /api/tables/orders/
Forbidden: /api/tables/orders/
Unauthorized: /api/auth/verify-token/
C:\Users\USER\DAGIIIz\eco\res\res3\ROS\tables\views.py changed, reloading.
Watching for file changes with StatReloader
C:\Users\USER\DAGIIIz\eco\res\res3\ROS\tables\views.py changed, reloading.
Watching for file changes with StatReloader
Unauthorized: /api/auth/verify-token/
Forbidden: /api/tables/orders/
Forbidden: /api/tables/orders/
Unauthorized: /api/auth/verify-token/
C:\Users\USER\DAGIIIz\eco\res\res3\ROS\accounts\views.py changed, reloading.
Watching for file changes with StatReloader
C:\Users\USER\DAGIIIz\eco\res\res3\ROS\tables\views.py changed, reloading.
Watching for file changes with StatReloader
C:\Users\USER\DAGIIIz\eco\res\res3\ROS\accounts\views.py changed, reloading.
Watching for file changes with StatReloader
C:\Users\USER\DAGIIIz\eco\res\res3\ROS\tables\views.py changed, reloading.
Watching for file changes with StatReloader
Unauthorized: /api/auth/verify-token/
Not Found: /favicon.ico
Not Found: /favicon.ico
Forbidden: /api/auth/verify-token/
Forbidden: /api/auth/verify-token/
Not Found: /favicon.ico
C:\Users\USER\DAGIIIz\eco\res\res3\ROS\tables\admin.py changed, reloading.
Watching for file changes with StatReloader
Watching for file changes with StatReloader
Watching for file changes with StatReloader
Unauthorized: /api/auth/verify-token/
Not Found: /favicon.ico
C:\Users\USER\DAGIIIz\eco\res\res3\ROS\menu\admin.py changed, reloading.
Watching for file changes with StatReloader
C:\Users\USER\DAGIIIz\eco\res\res3\ROS\core\admin.py changed, reloading.
Watching for file changes with StatReloader
C:\Users\USER\DAGIIIz\eco\res\res3\ROS\admin_panel\admin.py changed, reloading.
Watching for file changes with StatReloader
Watching for file changes with StatReloader
Forbidden: /api/auth/verify-token/
Internal Server Error: /admin/menu/menuitem/
Traceback (most recent call last):
  File "C:\Users\USER\.virtualenvs\DAGIIIz-mM3Hxqbw\lib\site-packages\django\core\handlers\exception.py", line 55, in inner
    response = get_response(request)
  File "C:\Users\USER\.virtualenvs\DAGIIIz-mM3Hxqbw\lib\site-packages\django\core\handlers\base.py", line 197, in _get_response
    response = wrapped_callback(request, *callback_args, **callback_kwargs)
  File "C:\Users\USER\.virtualenvs\DAGIIIz-mM3Hxqbw\lib\site-packages\django\contrib\admin\options.py", line 719, in wrapper
    return self.admin_site.admin_view(view)(*args, **kwargs)
  File "C:\Users\USER\.virtualenvs\DAGIIIz-mM3Hxqbw\lib\site-packages\django\utils\decorators.py", line 192, in _view_wrapper
    result = _process_exception(request, e)
  File "C:\Users\USER\.virtualenvs\DAGIIIz-mM3Hxqbw\lib\site-packages\django\utils\decorators.py", line 190, in _view_wrapper
    response = view_func(request, *args, **kwargs)
  File "C:\Users\USER\.virtualenvs\DAGIIIz-mM3Hxqbw\lib\site-packages\django\views\decorators\cache.py", line 80, in _view_wrapper
    response = view_func(request, *args, **kwargs)
  File "C:\Users\USER\.virtualenvs\DAGIIIz-mM3Hxqbw\lib\site-packages\django\contrib\admin\sites.py", line 246, in inner
    return view(request, *args, **kwargs)
  File "C:\Users\USER\.virtualenvs\DAGIIIz-mM3Hxqbw\lib\site-packages\django\utils\decorators.py", line 48, in _wrapper
    return bound_method(*args, **kwargs)
  File "C:\Users\USER\.virtualenvs\DAGIIIz-mM3Hxqbw\lib\site-packages\django\utils\decorators.py", line 192, in _view_wrapper
    result = _process_exception(request, e)
  File "C:\Users\USER\.virtualenvs\DAGIIIz-mM3Hxqbw\lib\site-packages\django\utils\decorators.py", line 190, in _view_wrapper
    response = view_func(request, *args, **kwargs)
  File "C:\Users\USER\.virtualenvs\DAGIIIz-mM3Hxqbw\lib\site-packages\django\contrib\admin\options.py", line 2151, in changelist_view
    action_form.fields["action"].choices = self.get_action_choices(request)
  File "C:\Users\USER\.virtualenvs\DAGIIIz-mM3Hxqbw\lib\site-packages\django\contrib\admin\options.py", line 1097, in get_action_choices
    choice = (name, description % model_format_dict(self.opts))
ValueError: incomplete format
C:\Users\USER\DAGIIIz\eco\res\res3\ROS\tables\models.py changed, reloading.
Watching for file changes with StatReloader
C:\Users\USER\DAGIIIz\eco\res\res3\ROS\tables\models.py changed, reloading.
Watching for file changes with StatReloader
C:\Users\USER\DAGIIIz\eco\res\res3\ROS\menu\admin.py changed, reloading.
Watching for file changes with StatReloader
C:\Users\USER\DAGIIIz\eco\res\res3\ROS\menu\admin.py changed, reloading.
Watching for file changes with StatReloader
C:\Users\USER\DAGIIIz\eco\res\res3\ROS\menu\admin.py changed, reloading.
Watching for file changes with StatReloader
C:\Users\USER\DAGIIIz\eco\res\res3\ROS\menu\admin.py changed, reloading.
Watching for file changes with StatReloader
C:\Users\USER\DAGIIIz\eco\res\res3\ROS\menu\admin.py changed, reloading.
Watching for file changes with StatReloader
C:\Users\USER\DAGIIIz\eco\res\res3\ROS\menu\admin.py changed, reloading.
Watching for file changes with StatReloader
Watching for file changes with StatReloader
Watching for file changes with StatReloader
Forbidden: /api/auth/verify-token/
Internal Server Error: /api/menu/restaurant-menu/
Traceback (most recent call last):
  File "C:\Users\USER\.virtualenvs\DAGIIIz-mM3Hxqbw\lib\site-packages\django\core\handlers\exception.py", line 55, in inner
    response = get_response(request)
  File "C:\Users\USER\.virtualenvs\DAGIIIz-mM3Hxqbw\lib\site-packages\django\core\handlers\base.py", line 197, in _get_response
    response = wrapped_callback(request, *callback_args, **callback_kwargs)
  File "C:\Users\USER\.virtualenvs\DAGIIIz-mM3Hxqbw\lib\site-packages\django\views\decorators\csrf.py", line 65, in _view_wrapper
    return view_func(request, *args, **kwargs)
  File "C:\Users\USER\.virtualenvs\DAGIIIz-mM3Hxqbw\lib\site-packages\rest_framework\viewsets.py", line 125, in view
    return self.dispatch(request, *args, **kwargs)
  File "C:\Users\USER\.virtualenvs\DAGIIIz-mM3Hxqbw\lib\site-packages\rest_framework\views.py", line 509, in dispatch
    response = self.handle_exception(exc)
  File "C:\Users\USER\.virtualenvs\DAGIIIz-mM3Hxqbw\lib\site-packages\rest_framework\views.py", line 469, in handle_exception
    self.raise_uncaught_exception(exc)
  File "C:\Users\USER\.virtualenvs\DAGIIIz-mM3Hxqbw\lib\site-packages\rest_framework\views.py", line 480, in raise_uncaught_exception
    raise exc
  File "C:\Users\USER\.virtualenvs\DAGIIIz-mM3Hxqbw\lib\site-packages\rest_framework\views.py", line 506, in dispatch
    response = handler(request, *args, **kwargs)
  File "C:\Users\USER\DAGIIIz\eco\res\res3\ROS\menu\views.py", line 243, in list
    category.items = category.items.filter(is_available=True)
  File "C:\Users\USER\.virtualenvs\DAGIIIz-mM3Hxqbw\lib\site-packages\django\db\models\fields\related_descriptors.py", line 665, in __set__
    raise TypeError(
TypeError: Direct assignment to the reverse side of a related set is prohibited. Use items.set() instead.
Internal Server Error: /api/menu/restaurant-menu/
Traceback (most recent call last):
  File "C:\Users\USER\.virtualenvs\DAGIIIz-mM3Hxqbw\lib\site-packages\django\core\handlers\exception.py", line 55, in inner
    response = get_response(request)
  File "C:\Users\USER\.virtualenvs\DAGIIIz-mM3Hxqbw\lib\site-packages\django\core\handlers\base.py", line 197, in _get_response
    response = wrapped_callback(request, *callback_args, **callback_kwargs)
  File "C:\Users\USER\.virtualenvs\DAGIIIz-mM3Hxqbw\lib\site-packages\django\views\decorators\csrf.py", line 65, in _view_wrapper
    return view_func(request, *args, **kwargs)
  File "C:\Users\USER\.virtualenvs\DAGIIIz-mM3Hxqbw\lib\site-packages\rest_framework\viewsets.py", line 125, in view
    return self.dispatch(request, *args, **kwargs)
  File "C:\Users\USER\.virtualenvs\DAGIIIz-mM3Hxqbw\lib\site-packages\rest_framework\views.py", line 509, in dispatch
    response = self.handle_exception(exc)
  File "C:\Users\USER\.virtualenvs\DAGIIIz-mM3Hxqbw\lib\site-packages\rest_framework\views.py", line 469, in handle_exception
    self.raise_uncaught_exception(exc)
  File "C:\Users\USER\.virtualenvs\DAGIIIz-mM3Hxqbw\lib\site-packages\rest_framework\views.py", line 480, in raise_uncaught_exception
    raise exc
  File "C:\Users\USER\.virtualenvs\DAGIIIz-mM3Hxqbw\lib\site-packages\rest_framework\views.py", line 506, in dispatch
    response = handler(request, *args, **kwargs)
  File "C:\Users\USER\DAGIIIz\eco\res\res3\ROS\menu\views.py", line 243, in list
    category.items = category.items.filter(is_available=True)
  File "C:\Users\USER\.virtualenvs\DAGIIIz-mM3Hxqbw\lib\site-packages\django\db\models\fields\related_descriptors.py", line 665, in __set__
    raise TypeError(
TypeError: Direct assignment to the reverse side of a related set is prohibited. Use items.set() instead.
Not Found: /favicon.ico
Forbidden: /api/tables/orders/
Forbidden: /api/tables/orders/pending_confirmation/
Forbidden: /api/auth/verify-token/
Forbidden: /api/auth/verify-token/
Forbidden: /api/tables/tables/
Forbidden: /api/tables/orders/
Forbidden: /api/tables/orders/pending_confirmation/
Forbidden: /api/tables/orders/
Forbidden: /api/tables/tables/
Forbidden: /api/tables/orders/
Forbidden: /api/tables/orders/
Forbidden: /api/tables/orders/pending_confirmation/
Forbidden: /api/auth/verify-token/
Internal Server Error: /api/menu/restaurant-menu/
Traceback (most recent call last):
  File "C:\Users\USER\.virtualenvs\DAGIIIz-mM3Hxqbw\lib\site-packages\django\core\handlers\exception.py", line 55, in inner
    response = get_response(request)
  File "C:\Users\USER\.virtualenvs\DAGIIIz-mM3Hxqbw\lib\site-packages\django\core\handlers\base.py", line 197, in _get_response
    response = wrapped_callback(request, *callback_args, **callback_kwargs)
  File "C:\Users\USER\.virtualenvs\DAGIIIz-mM3Hxqbw\lib\site-packages\django\views\decorators\csrf.py", line 65, in _view_wrapper
    return view_func(request, *args, **kwargs)
  File "C:\Users\USER\.virtualenvs\DAGIIIz-mM3Hxqbw\lib\site-packages\rest_framework\viewsets.py", line 125, in view
    return self.dispatch(request, *args, **kwargs)
  File "C:\Users\USER\.virtualenvs\DAGIIIz-mM3Hxqbw\lib\site-packages\rest_framework\views.py", line 509, in dispatch
    response = self.handle_exception(exc)
  File "C:\Users\USER\.virtualenvs\DAGIIIz-mM3Hxqbw\lib\site-packages\rest_framework\views.py", line 469, in handle_exception
    self.raise_uncaught_exception(exc)
  File "C:\Users\USER\.virtualenvs\DAGIIIz-mM3Hxqbw\lib\site-packages\rest_framework\views.py", line 480, in raise_uncaught_exception
    raise exc
  File "C:\Users\USER\.virtualenvs\DAGIIIz-mM3Hxqbw\lib\site-packages\rest_framework\views.py", line 506, in dispatch
    response = handler(request, *args, **kwargs)
  File "C:\Users\USER\DAGIIIz\eco\res\res3\ROS\menu\views.py", line 243, in list
    category.items = category.items.filter(is_available=True)
  File "C:\Users\USER\.virtualenvs\DAGIIIz-mM3Hxqbw\lib\site-packages\django\db\models\fields\related_descriptors.py", line 665, in __set__
    raise TypeError(
TypeError: Direct assignment to the reverse side of a related set is prohibited. Use items.set() instead.
Not Found: /favicon.ico
Internal Server Error: /api/menu/restaurant-menu/
Traceback (most recent call last):
  File "C:\Users\USER\.virtualenvs\DAGIIIz-mM3Hxqbw\lib\site-packages\django\core\handlers\exception.py", line 55, in inner
    response = get_response(request)
  File "C:\Users\USER\.virtualenvs\DAGIIIz-mM3Hxqbw\lib\site-packages\django\core\handlers\base.py", line 197, in _get_response
    response = wrapped_callback(request, *callback_args, **callback_kwargs)
  File "C:\Users\USER\.virtualenvs\DAGIIIz-mM3Hxqbw\lib\site-packages\django\views\decorators\csrf.py", line 65, in _view_wrapper
    return view_func(request, *args, **kwargs)
  File "C:\Users\USER\.virtualenvs\DAGIIIz-mM3Hxqbw\lib\site-packages\rest_framework\viewsets.py", line 125, in view
    return self.dispatch(request, *args, **kwargs)
  File "C:\Users\USER\.virtualenvs\DAGIIIz-mM3Hxqbw\lib\site-packages\rest_framework\views.py", line 509, in dispatch
    response = self.handle_exception(exc)
  File "C:\Users\USER\.virtualenvs\DAGIIIz-mM3Hxqbw\lib\site-packages\rest_framework\views.py", line 469, in handle_exception
    self.raise_uncaught_exception(exc)
  File "C:\Users\USER\.virtualenvs\DAGIIIz-mM3Hxqbw\lib\site-packages\rest_framework\views.py", line 480, in raise_uncaught_exception
    raise exc
  File "C:\Users\USER\.virtualenvs\DAGIIIz-mM3Hxqbw\lib\site-packages\rest_framework\views.py", line 506, in dispatch
    response = handler(request, *args, **kwargs)
  File "C:\Users\USER\DAGIIIz\eco\res\res3\ROS\menu\views.py", line 243, in list
    category.items = category.items.filter(is_available=True)
  File "C:\Users\USER\.virtualenvs\DAGIIIz-mM3Hxqbw\lib\site-packages\django\db\models\fields\related_descriptors.py", line 665, in __set__
    raise TypeError(
TypeError: Direct assignment to the reverse side of a related set is prohibited. Use items.set() instead.
Internal Server Error: /api/menu/public/2/
Traceback (most recent call last):
  File "C:\Users\USER\.virtualenvs\DAGIIIz-mM3Hxqbw\lib\site-packages\django\core\handlers\exception.py", line 55, in inner
    response = get_response(request)
  File "C:\Users\USER\.virtualenvs\DAGIIIz-mM3Hxqbw\lib\site-packages\django\core\handlers\base.py", line 197, in _get_response
    response = wrapped_callback(request, *callback_args, **callback_kwargs)
  File "C:\Users\USER\.virtualenvs\DAGIIIz-mM3Hxqbw\lib\site-packages\django\views\decorators\csrf.py", line 65, in _view_wrapper
    return view_func(request, *args, **kwargs)
  File "C:\Users\USER\.virtualenvs\DAGIIIz-mM3Hxqbw\lib\site-packages\django\views\generic\base.py", line 104, in view
    return self.dispatch(request, *args, **kwargs)
  File "C:\Users\USER\.virtualenvs\DAGIIIz-mM3Hxqbw\lib\site-packages\rest_framework\views.py", line 509, in dispatch
    response = self.handle_exception(exc)
  File "C:\Users\USER\.virtualenvs\DAGIIIz-mM3Hxqbw\lib\site-packages\rest_framework\views.py", line 469, in handle_exception
    self.raise_uncaught_exception(exc)
  File "C:\Users\USER\.virtualenvs\DAGIIIz-mM3Hxqbw\lib\site-packages\rest_framework\views.py", line 480, in raise_uncaught_exception
    raise exc
  File "C:\Users\USER\.virtualenvs\DAGIIIz-mM3Hxqbw\lib\site-packages\rest_framework\views.py", line 506, in dispatch
    response = handler(request, *args, **kwargs)
  File "C:\Users\USER\DAGIIIz\eco\res\res3\ROS\menu\views.py", line 198, in get
    category.items = category.items.filter(is_available=True)
  File "C:\Users\USER\.virtualenvs\DAGIIIz-mM3Hxqbw\lib\site-packages\django\db\models\fields\related_descriptors.py", line 665, in __set__
    raise TypeError(
TypeError: Direct assignment to the reverse side of a related set is prohibited. Use items.set() instead.
Not Found: /favicon.ico
C:\Users\USER\DAGIIIz\eco\res\res3\ROS\menu\views.py changed, reloading.
Watching for file changes with StatReloader
Not Found: /api/menu/public/qr-menu/
Not Found: //qr-menu/
Internal Server Error: /api/menu/public/1/
Traceback (most recent call last):
  File "C:\Users\USER\.virtualenvs\DAGIIIz-mM3Hxqbw\lib\site-packages\django\core\handlers\exception.py", line 55, in inner
    response = get_response(request)
  File "C:\Users\USER\.virtualenvs\DAGIIIz-mM3Hxqbw\lib\site-packages\django\core\handlers\base.py", line 197, in _get_response
    response = wrapped_callback(request, *callback_args, **callback_kwargs)
  File "C:\Users\USER\.virtualenvs\DAGIIIz-mM3Hxqbw\lib\site-packages\django\views\decorators\csrf.py", line 65, in _view_wrapper
    return view_func(request, *args, **kwargs)
  File "C:\Users\USER\.virtualenvs\DAGIIIz-mM3Hxqbw\lib\site-packages\django\views\generic\base.py", line 104, in view
    return self.dispatch(request, *args, **kwargs)
  File "C:\Users\USER\.virtualenvs\DAGIIIz-mM3Hxqbw\lib\site-packages\rest_framework\views.py", line 509, in dispatch
    response = self.handle_exception(exc)
  File "C:\Users\USER\.virtualenvs\DAGIIIz-mM3Hxqbw\lib\site-packages\rest_framework\views.py", line 469, in handle_exception
    self.raise_uncaught_exception(exc)
  File "C:\Users\USER\.virtualenvs\DAGIIIz-mM3Hxqbw\lib\site-packages\rest_framework\views.py", line 480, in raise_uncaught_exception
    raise exc
  File "C:\Users\USER\.virtualenvs\DAGIIIz-mM3Hxqbw\lib\site-packages\rest_framework\views.py", line 506, in dispatch
    response = handler(request, *args, **kwargs)
  File "C:\Users\USER\DAGIIIz\eco\res\res3\ROS\menu\views.py", line 197, in get
    models.Prefetch(
NameError: name 'models' is not defined
Internal Server Error: /api/menu/public/1/
Traceback (most recent call last):
  File "C:\Users\USER\.virtualenvs\DAGIIIz-mM3Hxqbw\lib\site-packages\django\core\handlers\exception.py", line 55, in inner
    response = get_response(request)
  File "C:\Users\USER\.virtualenvs\DAGIIIz-mM3Hxqbw\lib\site-packages\django\core\handlers\base.py", line 197, in _get_response
    response = wrapped_callback(request, *callback_args, **callback_kwargs)
  File "C:\Users\USER\.virtualenvs\DAGIIIz-mM3Hxqbw\lib\site-packages\django\views\decorators\csrf.py", line 65, in _view_wrapper
    return view_func(request, *args, **kwargs)
  File "C:\Users\USER\.virtualenvs\DAGIIIz-mM3Hxqbw\lib\site-packages\django\views\generic\base.py", line 104, in view
    return self.dispatch(request, *args, **kwargs)
  File "C:\Users\USER\.virtualenvs\DAGIIIz-mM3Hxqbw\lib\site-packages\rest_framework\views.py", line 509, in dispatch
    response = self.handle_exception(exc)
  File "C:\Users\USER\.virtualenvs\DAGIIIz-mM3Hxqbw\lib\site-packages\rest_framework\views.py", line 469, in handle_exception
    self.raise_uncaught_exception(exc)
  File "C:\Users\USER\.virtualenvs\DAGIIIz-mM3Hxqbw\lib\site-packages\rest_framework\views.py", line 480, in raise_uncaught_exception
    raise exc
  File "C:\Users\USER\.virtualenvs\DAGIIIz-mM3Hxqbw\lib\site-packages\rest_framework\views.py", line 506, in dispatch
    response = handler(request, *args, **kwargs)
  File "C:\Users\USER\DAGIIIz\eco\res\res3\ROS\menu\views.py", line 197, in get
    models.Prefetch(
NameError: name 'models' is not defined
C:\Users\USER\DAGIIIz\eco\res\res3\ROS\menu\views.py changed, reloading.
Watching for file changes with StatReloader
C:\Users\USER\DAGIIIz\eco\res\res3\ROS\menu\views.py changed, reloading.
Watching for file changes with StatReloader
Not Found: /favicon.ico
Not Found: /favicon.ico
Not Found: /favicon.ico
Internal Server Error: /waiter/new-order/
Traceback (most recent call last):
  File "C:\Users\USER\.virtualenvs\DAGIIIz-mM3Hxqbw\lib\site-packages\django\template\base.py", line 510, in parse
    compile_func = self.tags[command]
KeyError: 'static'

During handling of the above exception, another exception occurred:

Traceback (most recent call last):
  File "C:\Users\USER\.virtualenvs\DAGIIIz-mM3Hxqbw\lib\site-packages\django\core\handlers\exception.py", line 55, in inner
    response = get_response(request)
  File "C:\Users\USER\.virtualenvs\DAGIIIz-mM3Hxqbw\lib\site-packages\django\core\handlers\base.py", line 197, in _get_response
    response = wrapped_callback(request, *callback_args, **callback_kwargs)
  File "C:\Users\USER\.virtualenvs\DAGIIIz-mM3Hxqbw\lib\site-packages\django\contrib\auth\decorators.py", line 59, in _view_wrapper
    return view_func(request, *args, **kwargs)
  File "C:\Users\USER\DAGIIIz\eco\res\res3\ROS\tables\views.py", line 46, in wrapper
    return view_func(request, *args, **kwargs)
  File "C:\Users\USER\DAGIIIz\eco\res\res3\ROS\tables\views.py", line 102, in waiter_new_order
    return render(request, 'waiter/new_order.html', context)
  File "C:\Users\USER\.virtualenvs\DAGIIIz-mM3Hxqbw\lib\site-packages\django\shortcuts.py", line 25, in render
    content = loader.render_to_string(template_name, context, request, using=using)
  File "C:\Users\USER\.virtualenvs\DAGIIIz-mM3Hxqbw\lib\site-packages\django\template\loader.py", line 61, in render_to_string
    template = get_template(template_name, using=using)
  File "C:\Users\USER\.virtualenvs\DAGIIIz-mM3Hxqbw\lib\site-packages\django\template\loader.py", line 15, in get_template
    return engine.get_template(template_name)
  File "C:\Users\USER\.virtualenvs\DAGIIIz-mM3Hxqbw\lib\site-packages\django\template\backends\django.py", line 79, in get_template
    return Template(self.engine.get_template(template_name), self)
  File "C:\Users\USER\.virtualenvs\DAGIIIz-mM3Hxqbw\lib\site-packages\django\template\engine.py", line 177, in get_template
    template, origin = self.find_template(template_name)
  File "C:\Users\USER\.virtualenvs\DAGIIIz-mM3Hxqbw\lib\site-packages\django\template\engine.py", line 159, in find_template
    template = loader.get_template(name, skip=skip)
  File "C:\Users\USER\.virtualenvs\DAGIIIz-mM3Hxqbw\lib\site-packages\django\template\loaders\cached.py", line 57, in get_template
    template = super().get_template(template_name, skip)
  File "C:\Users\USER\.virtualenvs\DAGIIIz-mM3Hxqbw\lib\site-packages\django\template\loaders\base.py", line 28, in get_template
    return Template(
  File "C:\Users\USER\.virtualenvs\DAGIIIz-mM3Hxqbw\lib\site-packages\django\template\base.py", line 154, in __init__
    self.nodelist = self.compile_nodelist()
  File "C:\Users\USER\.virtualenvs\DAGIIIz-mM3Hxqbw\lib\site-packages\django\template\base.py", line 196, in compile_nodelist
    nodelist = parser.parse()
  File "C:\Users\USER\.virtualenvs\DAGIIIz-mM3Hxqbw\lib\site-packages\django\template\base.py", line 512, in parse
    self.invalid_block_tag(token, command, parse_until)
  File "C:\Users\USER\.virtualenvs\DAGIIIz-mM3Hxqbw\lib\site-packages\django\template\base.py", line 577, in invalid_block_tag
    raise self.error(
django.template.exceptions.TemplateSyntaxError: Invalid block tag on line 12: 'static'. Did you forget to register or load this tag?
Internal Server Error: /waiter/new-order/
Traceback (most recent call last):
  File "C:\Users\USER\.virtualenvs\DAGIIIz-mM3Hxqbw\lib\site-packages\django\template\base.py", line 510, in parse
    compile_func = self.tags[command]
KeyError: 'static'

During handling of the above exception, another exception occurred:

Traceback (most recent call last):
  File "C:\Users\USER\.virtualenvs\DAGIIIz-mM3Hxqbw\lib\site-packages\django\core\handlers\exception.py", line 55, in inner
    response = get_response(request)
  File "C:\Users\USER\.virtualenvs\DAGIIIz-mM3Hxqbw\lib\site-packages\django\core\handlers\base.py", line 197, in _get_response
    response = wrapped_callback(request, *callback_args, **callback_kwargs)
  File "C:\Users\USER\.virtualenvs\DAGIIIz-mM3Hxqbw\lib\site-packages\django\contrib\auth\decorators.py", line 59, in _view_wrapper
    return view_func(request, *args, **kwargs)
  File "C:\Users\USER\DAGIIIz\eco\res\res3\ROS\tables\views.py", line 46, in wrapper
    return view_func(request, *args, **kwargs)
  File "C:\Users\USER\DAGIIIz\eco\res\res3\ROS\tables\views.py", line 102, in waiter_new_order
    return render(request, 'waiter/new_order.html', context)
  File "C:\Users\USER\.virtualenvs\DAGIIIz-mM3Hxqbw\lib\site-packages\django\shortcuts.py", line 25, in render
    content = loader.render_to_string(template_name, context, request, using=using)
  File "C:\Users\USER\.virtualenvs\DAGIIIz-mM3Hxqbw\lib\site-packages\django\template\loader.py", line 61, in render_to_string
    template = get_template(template_name, using=using)
  File "C:\Users\USER\.virtualenvs\DAGIIIz-mM3Hxqbw\lib\site-packages\django\template\loader.py", line 15, in get_template
    return engine.get_template(template_name)
  File "C:\Users\USER\.virtualenvs\DAGIIIz-mM3Hxqbw\lib\site-packages\django\template\backends\django.py", line 79, in get_template
    return Template(self.engine.get_template(template_name), self)
  File "C:\Users\USER\.virtualenvs\DAGIIIz-mM3Hxqbw\lib\site-packages\django\template\engine.py", line 177, in get_template
    template, origin = self.find_template(template_name)
  File "C:\Users\USER\.virtualenvs\DAGIIIz-mM3Hxqbw\lib\site-packages\django\template\engine.py", line 159, in find_template
    template = loader.get_template(name, skip=skip)
  File "C:\Users\USER\.virtualenvs\DAGIIIz-mM3Hxqbw\lib\site-packages\django\template\loaders\cached.py", line 57, in get_template
    template = super().get_template(template_name, skip)
  File "C:\Users\USER\.virtualenvs\DAGIIIz-mM3Hxqbw\lib\site-packages\django\template\loaders\base.py", line 28, in get_template
    return Template(
  File "C:\Users\USER\.virtualenvs\DAGIIIz-mM3Hxqbw\lib\site-packages\django\template\base.py", line 154, in __init__
    self.nodelist = self.compile_nodelist()
  File "C:\Users\USER\.virtualenvs\DAGIIIz-mM3Hxqbw\lib\site-packages\django\template\base.py", line 196, in compile_nodelist
    nodelist = parser.parse()
  File "C:\Users\USER\.virtualenvs\DAGIIIz-mM3Hxqbw\lib\site-packages\django\template\base.py", line 512, in parse
    self.invalid_block_tag(token, command, parse_until)
  File "C:\Users\USER\.virtualenvs\DAGIIIz-mM3Hxqbw\lib\site-packages\django\template\base.py", line 577, in invalid_block_tag
    raise self.error(
django.template.exceptions.TemplateSyntaxError: Invalid block tag on line 13: 'static'. Did you forget to register or load this tag?
Internal Server Error: /waiter/new-order/
Traceback (most recent call last):
  File "C:\Users\USER\.virtualenvs\DAGIIIz-mM3Hxqbw\lib\site-packages\django\template\base.py", line 510, in parse
    compile_func = self.tags[command]
KeyError: 'static'

During handling of the above exception, another exception occurred:

Traceback (most recent call last):
  File "C:\Users\USER\.virtualenvs\DAGIIIz-mM3Hxqbw\lib\site-packages\django\core\handlers\exception.py", line 55, in inner
    response = get_response(request)
  File "C:\Users\USER\.virtualenvs\DAGIIIz-mM3Hxqbw\lib\site-packages\django\core\handlers\base.py", line 197, in _get_response
    response = wrapped_callback(request, *callback_args, **callback_kwargs)
  File "C:\Users\USER\.virtualenvs\DAGIIIz-mM3Hxqbw\lib\site-packages\django\contrib\auth\decorators.py", line 59, in _view_wrapper
    return view_func(request, *args, **kwargs)
  File "C:\Users\USER\DAGIIIz\eco\res\res3\ROS\tables\views.py", line 46, in wrapper
    return view_func(request, *args, **kwargs)
  File "C:\Users\USER\DAGIIIz\eco\res\res3\ROS\tables\views.py", line 102, in waiter_new_order
    return render(request, 'waiter/new_order.html', context)
  File "C:\Users\USER\.virtualenvs\DAGIIIz-mM3Hxqbw\lib\site-packages\django\shortcuts.py", line 25, in render
    content = loader.render_to_string(template_name, context, request, using=using)
  File "C:\Users\USER\.virtualenvs\DAGIIIz-mM3Hxqbw\lib\site-packages\django\template\loader.py", line 61, in render_to_string
    template = get_template(template_name, using=using)
  File "C:\Users\USER\.virtualenvs\DAGIIIz-mM3Hxqbw\lib\site-packages\django\template\loader.py", line 15, in get_template
    return engine.get_template(template_name)
  File "C:\Users\USER\.virtualenvs\DAGIIIz-mM3Hxqbw\lib\site-packages\django\template\backends\django.py", line 79, in get_template
    return Template(self.engine.get_template(template_name), self)
  File "C:\Users\USER\.virtualenvs\DAGIIIz-mM3Hxqbw\lib\site-packages\django\template\engine.py", line 177, in get_template
    template, origin = self.find_template(template_name)
  File "C:\Users\USER\.virtualenvs\DAGIIIz-mM3Hxqbw\lib\site-packages\django\template\engine.py", line 159, in find_template
    template = loader.get_template(name, skip=skip)
  File "C:\Users\USER\.virtualenvs\DAGIIIz-mM3Hxqbw\lib\site-packages\django\template\loaders\cached.py", line 57, in get_template
    template = super().get_template(template_name, skip)
  File "C:\Users\USER\.virtualenvs\DAGIIIz-mM3Hxqbw\lib\site-packages\django\template\loaders\base.py", line 28, in get_template
    return Template(
  File "C:\Users\USER\.virtualenvs\DAGIIIz-mM3Hxqbw\lib\site-packages\django\template\base.py", line 154, in __init__
    self.nodelist = self.compile_nodelist()
  File "C:\Users\USER\.virtualenvs\DAGIIIz-mM3Hxqbw\lib\site-packages\django\template\base.py", line 196, in compile_nodelist
    nodelist = parser.parse()
  File "C:\Users\USER\.virtualenvs\DAGIIIz-mM3Hxqbw\lib\site-packages\django\template\base.py", line 512, in parse
    self.invalid_block_tag(token, command, parse_until)
  File "C:\Users\USER\.virtualenvs\DAGIIIz-mM3Hxqbw\lib\site-packages\django\template\base.py", line 577, in invalid_block_tag
    raise self.error(
django.template.exceptions.TemplateSyntaxError: Invalid block tag on line 20: 'static'. Did you forget to register or load this tag?
Internal Server Error: /waiter/new-order/
Traceback (most recent call last):
  File "C:\Users\USER\.virtualenvs\DAGIIIz-mM3Hxqbw\lib\site-packages\django\template\base.py", line 510, in parse
    compile_func = self.tags[command]
KeyError: 'static'

During handling of the above exception, another exception occurred:

Traceback (most recent call last):
  File "C:\Users\USER\.virtualenvs\DAGIIIz-mM3Hxqbw\lib\site-packages\django\core\handlers\exception.py", line 55, in inner
    response = get_response(request)
  File "C:\Users\USER\.virtualenvs\DAGIIIz-mM3Hxqbw\lib\site-packages\django\core\handlers\base.py", line 197, in _get_response
    response = wrapped_callback(request, *callback_args, **callback_kwargs)
  File "C:\Users\USER\.virtualenvs\DAGIIIz-mM3Hxqbw\lib\site-packages\django\contrib\auth\decorators.py", line 59, in _view_wrapper
    return view_func(request, *args, **kwargs)
  File "C:\Users\USER\DAGIIIz\eco\res\res3\ROS\tables\views.py", line 46, in wrapper
    return view_func(request, *args, **kwargs)
  File "C:\Users\USER\DAGIIIz\eco\res\res3\ROS\tables\views.py", line 102, in waiter_new_order
    return render(request, 'waiter/new_order.html', context)
  File "C:\Users\USER\.virtualenvs\DAGIIIz-mM3Hxqbw\lib\site-packages\django\shortcuts.py", line 25, in render
    content = loader.render_to_string(template_name, context, request, using=using)
  File "C:\Users\USER\.virtualenvs\DAGIIIz-mM3Hxqbw\lib\site-packages\django\template\loader.py", line 61, in render_to_string
    template = get_template(template_name, using=using)
  File "C:\Users\USER\.virtualenvs\DAGIIIz-mM3Hxqbw\lib\site-packages\django\template\loader.py", line 15, in get_template
    return engine.get_template(template_name)
  File "C:\Users\USER\.virtualenvs\DAGIIIz-mM3Hxqbw\lib\site-packages\django\template\backends\django.py", line 79, in get_template
    return Template(self.engine.get_template(template_name), self)
  File "C:\Users\USER\.virtualenvs\DAGIIIz-mM3Hxqbw\lib\site-packages\django\template\engine.py", line 177, in get_template
    template, origin = self.find_template(template_name)
  File "C:\Users\USER\.virtualenvs\DAGIIIz-mM3Hxqbw\lib\site-packages\django\template\engine.py", line 159, in find_template
    template = loader.get_template(name, skip=skip)
  File "C:\Users\USER\.virtualenvs\DAGIIIz-mM3Hxqbw\lib\site-packages\django\template\loaders\cached.py", line 57, in get_template
    template = super().get_template(template_name, skip)
  File "C:\Users\USER\.virtualenvs\DAGIIIz-mM3Hxqbw\lib\site-packages\django\template\loaders\base.py", line 28, in get_template
    return Template(
  File "C:\Users\USER\.virtualenvs\DAGIIIz-mM3Hxqbw\lib\site-packages\django\template\base.py", line 154, in __init__
    self.nodelist = self.compile_nodelist()
  File "C:\Users\USER\.virtualenvs\DAGIIIz-mM3Hxqbw\lib\site-packages\django\template\base.py", line 196, in compile_nodelist
    nodelist = parser.parse()
  File "C:\Users\USER\.virtualenvs\DAGIIIz-mM3Hxqbw\lib\site-packages\django\template\base.py", line 512, in parse
    self.invalid_block_tag(token, command, parse_until)
  File "C:\Users\USER\.virtualenvs\DAGIIIz-mM3Hxqbw\lib\site-packages\django\template\base.py", line 577, in invalid_block_tag
    raise self.error(
django.template.exceptions.TemplateSyntaxError: Invalid block tag on line 20: 'static'. Did you forget to register or load this tag?
Not Found: /favicon.ico
Bad Request: /api/tables/orders/
Bad Request: /api/tables/orders/
C:\Users\USER\DAGIIIz\eco\res\res3\ROS\tables\views.py changed, reloading.
Watching for file changes with StatReloader
C:\Users\USER\DAGIIIz\eco\res\res3\ROS\tables\serializers.py changed, reloading.
Watching for file changes with StatReloader
C:\Users\USER\DAGIIIz\eco\res\res3\ROS\tables\views.py changed, reloading.
Watching for file changes with StatReloader
C:\Users\USER\DAGIIIz\eco\res\res3\ROS\tables\views.py changed, reloading.
Watching for file changes with StatReloader
C:\Users\USER\DAGIIIz\eco\res\res3\ROS\tables\urls.py changed, reloading.
Watching for file changes with StatReloader
Not Found: /favicon.ico
Method Not Allowed: /api/tables/orders/create-with-items/
C:\Users\USER\DAGIIIz\eco\res\res3\ROS\tables\views.py changed, reloading.
Watching for file changes with StatReloader
C:\Users\USER\DAGIIIz\eco\res\res3\ROS\tables\urls.py changed, reloading.
Watching for file changes with StatReloader
Not Found: /favicon.ico
Internal Server Error: /api/tables/orders/create-with-items/
C:\Users\USER\DAGIIIz\eco\res\res3\ROS\tables\models.py changed, reloading.
Watching for file changes with StatReloader
Watching for file changes with StatReloader
